{
"contracts/interfaces/IAaveLendingPool.sol":{"l":{},"path":"/Users/johanthan/Code/hackathons/app/contracts/contracts/interfaces/IAaveLendingPool.sol","s":{},"b":{},"f":{},"fnMap":{},"statementMap":{},"branchMap":{}},
"contracts/interfaces/IADai.sol":{"l":{},"path":"/Users/johanthan/Code/hackathons/app/contracts/contracts/interfaces/IADai.sol","s":{},"b":{},"f":{},"fnMap":{},"statementMap":{},"branchMap":{}},
"contracts/interfaces/IERC20.sol":{"l":{},"path":"/Users/johanthan/Code/hackathons/app/contracts/contracts/interfaces/IERC20.sol","s":{},"b":{},"f":{},"fnMap":{},"statementMap":{},"branchMap":{}},
"contracts/interfaces/ILendingPoolAddressesProvider.sol":{"l":{},"path":"/Users/johanthan/Code/hackathons/app/contracts/contracts/interfaces/ILendingPoolAddressesProvider.sol","s":{},"b":{},"f":{},"fnMap":{},"statementMap":{},"branchMap":{}},
"contracts/interfaces/INoLossDao.sol":{"l":{},"path":"/Users/johanthan/Code/hackathons/app/contracts/contracts/interfaces/INoLossDao.sol","s":{},"b":{},"f":{},"fnMap":{},"statementMap":{},"branchMap":{}},
"contracts/interfaces/IPoolDeposits.sol":{"l":{},"path":"/Users/johanthan/Code/hackathons/app/contracts/contracts/interfaces/IPoolDeposits.sol","s":{},"b":{},"f":{},"fnMap":{},"statementMap":{},"branchMap":{}},
"contracts/mocks/AaveLendingPool.sol":{"l":{"15":63,"16":63,"25":116,"27":116,"32":116},"path":"/Users/johanthan/Code/hackathons/app/contracts/contracts/mocks/AaveLendingPool.sol","s":{"1":63,"2":63,"3":116,"4":116,"5":116},"b":{},"f":{"1":63,"2":116},"fnMap":{"1":{"name":"constructor","line":14,"loc":{"start":{"line":14,"column":2},"end":{"line":17,"column":2}}},"2":{"name":"deposit","line":19,"loc":{"start":{"line":19,"column":2},"end":{"line":34,"column":2}}}},"statementMap":{"1":{"start":{"line":15,"column":4},"end":{"line":15,"column":21}},"2":{"start":{"line":16,"column":4},"end":{"line":16,"column":19}},"3":{"start":{"line":25,"column":4},"end":{"line":25,"column":36}},"4":{"start":{"line":27,"column":4},"end":{"line":27,"column":35}},"5":{"start":{"line":32,"column":4},"end":{"line":32,"column":32}}},"branchMap":{}},
"contracts/mocks/ADai.sol":{"l":{"19":63,"20":63,"24":2,"28":52,"31":50,"33":50},"path":"/Users/johanthan/Code/hackathons/app/contracts/contracts/mocks/ADai.sol","s":{"1":63,"2":63,"3":2,"4":52,"5":50,"6":50},"b":{"1":[50,2]},"f":{"1":63,"2":2,"3":52},"fnMap":{"1":{"name":"constructor","line":17,"loc":{"start":{"line":15,"column":2},"end":{"line":21,"column":2}}},"2":{"name":"setRedeemFailNotEnoughLiquidity","line":23,"loc":{"start":{"line":23,"column":2},"end":{"line":25,"column":2}}},"3":{"name":"redeem","line":27,"loc":{"start":{"line":27,"column":2},"end":{"line":35,"column":2}}}},"statementMap":{"1":{"start":{"line":19,"column":4},"end":{"line":19,"column":19}},"2":{"start":{"line":20,"column":4},"end":{"line":20,"column":26}},"3":{"start":{"line":24,"column":4},"end":{"line":24,"column":36}},"4":{"start":{"line":28,"column":4},"end":{"line":28,"column":67}},"5":{"start":{"line":31,"column":4},"end":{"line":31,"column":37}},"6":{"start":{"line":33,"column":4},"end":{"line":33,"column":32}}},"branchMap":{"1":{"line":28,"type":"if","locations":[{"start":{"line":28,"column":4},"end":{"line":28,"column":4}},{"start":{"line":28,"column":4},"end":{"line":28,"column":4}}]}}},
"contracts/mocks/LendingPoolAddressesProvider.sol":{"l":{"10":63,"14":116,"18":116},"path":"/Users/johanthan/Code/hackathons/app/contracts/contracts/mocks/LendingPoolAddressesProvider.sol","s":{"1":63,"2":116,"3":116},"b":{},"f":{"1":63,"2":116,"3":116},"fnMap":{"1":{"name":"constructor","line":9,"loc":{"start":{"line":9,"column":2},"end":{"line":11,"column":2}}},"2":{"name":"getLendingPool","line":13,"loc":{"start":{"line":13,"column":2},"end":{"line":15,"column":2}}},"3":{"name":"getLendingPoolCore","line":17,"loc":{"start":{"line":17,"column":2},"end":{"line":19,"column":2}}}},"statementMap":{"1":{"start":{"line":10,"column":4},"end":{"line":10,"column":43}},"2":{"start":{"line":14,"column":4},"end":{"line":14,"column":35}},"3":{"start":{"line":18,"column":4},"end":{"line":18,"column":35}}},"branchMap":{}},
"contracts/mocks/MockERC20.sol":{"l":{"23":126,"24":126,"25":126,"26":126,"30":280,"31":280,"35":166,"39":235,"40":235,"44":67,"45":67,"46":67,"54":142,"62":116,"63":116,"64":116,"65":116,"69":155},"path":"/Users/johanthan/Code/hackathons/app/contracts/contracts/mocks/MockERC20.sol","s":{"1":126,"2":126,"3":126,"4":126,"5":280,"6":280,"7":166,"8":235,"9":235,"10":67,"11":67,"12":67,"13":142,"14":116,"15":116,"16":116,"17":116,"18":155},"b":{},"f":{"1":126,"2":280,"3":166,"4":235,"5":67,"6":142,"7":116,"8":155},"fnMap":{"1":{"name":"constructor","line":17,"loc":{"start":{"line":17,"column":2},"end":{"line":27,"column":2}}},"2":{"name":"mint","line":29,"loc":{"start":{"line":29,"column":2},"end":{"line":32,"column":2}}},"3":{"name":"burnFrom","line":34,"loc":{"start":{"line":34,"column":2},"end":{"line":36,"column":2}}},"4":{"name":"approve","line":38,"loc":{"start":{"line":38,"column":2},"end":{"line":41,"column":2}}},"5":{"name":"transfer","line":43,"loc":{"start":{"line":43,"column":2},"end":{"line":47,"column":2}}},"6":{"name":"allowance","line":49,"loc":{"start":{"line":49,"column":2},"end":{"line":55,"column":2}}},"7":{"name":"transferFrom","line":57,"loc":{"start":{"line":57,"column":2},"end":{"line":66,"column":2}}},"8":{"name":"balanceOf","line":68,"loc":{"start":{"line":68,"column":2},"end":{"line":70,"column":2}}}},"statementMap":{"1":{"start":{"line":23,"column":4},"end":{"line":23,"column":15}},"2":{"start":{"line":24,"column":4},"end":{"line":24,"column":19}},"3":{"start":{"line":25,"column":4},"end":{"line":25,"column":23}},"4":{"start":{"line":26,"column":4},"end":{"line":26,"column":19}},"5":{"start":{"line":30,"column":4},"end":{"line":30,"column":48}},"6":{"start":{"line":31,"column":4},"end":{"line":31,"column":15}},"7":{"start":{"line":35,"column":4},"end":{"line":35,"column":48}},"8":{"start":{"line":39,"column":4},"end":{"line":39,"column":40}},"9":{"start":{"line":40,"column":4},"end":{"line":40,"column":15}},"10":{"start":{"line":44,"column":4},"end":{"line":44,"column":60}},"11":{"start":{"line":45,"column":4},"end":{"line":45,"column":44}},"12":{"start":{"line":46,"column":4},"end":{"line":46,"column":15}},"13":{"start":{"line":54,"column":4},"end":{"line":54,"column":37}},"14":{"start":{"line":62,"column":4},"end":{"line":62,"column":52}},"15":{"start":{"line":63,"column":4},"end":{"line":63,"column":44}},"16":{"start":{"line":64,"column":4},"end":{"line":64,"column":62}},"17":{"start":{"line":65,"column":4},"end":{"line":65,"column":15}},"18":{"start":{"line":69,"column":4},"end":{"line":69,"column":26}}},"branchMap":{}},
"contracts/NoLossDao_v0.sol":{"l":{"90":13,"91":7,"95":52,"99":48,"103":69,"107":53,"111":17,"115":13,"119":63,"123":61,"127":81,"128":79,"132":68,"133":60,"137":19,"141":11,"148":38,"152":32,"156":13,"160":5,"163":99,"164":75,"168":154,"172":150,"183":63,"184":63,"185":63,"187":63,"188":63,"189":63,"190":63,"191":63,"193":63,"203":1,"209":1,"219":5,"223":3,"224":3,"225":9,"227":3,"229":1,"230":1,"231":1,"252":8,"266":70,"267":70,"280":9,"281":9,"292":46,"294":46,"295":46,"296":46,"297":46,"298":46,"299":46,"300":46,"315":5,"316":5,"317":5,"318":5,"319":5,"336":8,"337":8,"352":27,"353":27,"369":5,"370":5,"382":32,"383":32,"387":32,"391":32,"394":30,"406":75,"408":75,"410":42,"413":42,"415":7,"416":6,"417":6,"424":7,"425":7,"433":42,"434":42,"436":16,"437":15,"438":15,"440":16,"441":16,"445":75,"446":75,"449":75},"path":"/Users/johanthan/Code/hackathons/app/contracts/contracts/NoLossDao_v0.sol","s":{"1":13,"2":52,"3":69,"4":17,"5":63,"6":81,"7":68,"8":19,"9":38,"10":13,"11":99,"12":154,"13":63,"14":63,"15":63,"16":63,"17":63,"18":63,"19":63,"20":63,"21":63,"22":1,"23":1,"24":5,"25":3,"26":3,"27":9,"28":3,"29":1,"30":1,"31":1,"32":8,"33":70,"34":70,"35":9,"36":9,"37":46,"38":46,"39":46,"40":46,"41":46,"42":46,"43":46,"44":46,"45":5,"46":5,"47":5,"48":5,"49":5,"50":8,"51":8,"52":27,"53":27,"54":5,"55":5,"56":32,"57":32,"58":32,"59":32,"60":30,"61":75,"62":75,"63":42,"64":42,"65":7,"66":6,"67":6,"68":7,"69":7,"70":42,"71":42,"72":16,"73":15,"74":15,"75":16,"76":16,"77":75,"78":75,"79":75},"b":{"1":[7,6],"2":[48,4],"3":[53,16],"4":[13,4],"5":[61,2],"6":[79,2],"7":[60,8],"8":[11,8],"9":[32,6],"10":[5,8],"11":[75,24],"12":[150,4],"13":[3,2],"14":[1,2],"15":[30,2],"16":[42,33],"17":[7,35],"18":[6,1],"19":[16,26],"20":[15,1]},"f":{"1":13,"2":52,"3":69,"4":17,"5":63,"6":81,"7":68,"8":19,"9":38,"10":13,"11":99,"12":154,"13":63,"14":1,"15":1,"16":5,"17":8,"18":70,"19":9,"20":46,"21":5,"22":8,"23":27,"24":5,"25":32,"26":75},"fnMap":{"1":{"name":"onlyAdmin","line":89,"loc":{"start":{"line":89,"column":2},"end":{"line":92,"column":2}}},"2":{"name":"hasDeposit","line":94,"loc":{"start":{"line":94,"column":2},"end":{"line":100,"column":2}}},"3":{"name":"noVoteYet","line":102,"loc":{"start":{"line":102,"column":2},"end":{"line":108,"column":2}}},"4":{"name":"userHasActiveProposal","line":110,"loc":{"start":{"line":110,"column":2},"end":{"line":116,"column":2}}},"5":{"name":"userHasNoActiveProposal","line":118,"loc":{"start":{"line":118,"column":2},"end":{"line":124,"column":2}}},"6":{"name":"userHasNoProposal","line":126,"loc":{"start":{"line":126,"column":2},"end":{"line":129,"column":2}}},"7":{"name":"proposalActive","line":131,"loc":{"start":{"line":131,"column":2},"end":{"line":134,"column":2}}},"8":{"name":"proxyRight","line":136,"loc":{"start":{"line":136,"column":2},"end":{"line":142,"column":2}}},"9":{"name":"joinedInTime","line":147,"loc":{"start":{"line":147,"column":2},"end":{"line":153,"column":2}}},"10":{"name":"lockInFulfilled","line":155,"loc":{"start":{"line":155,"column":2},"end":{"line":161,"column":2}}},"11":{"name":"iterationElapsed","line":162,"loc":{"start":{"line":162,"column":2},"end":{"line":165,"column":2}}},"12":{"name":"depositContractOnly","line":167,"loc":{"start":{"line":167,"column":2},"end":{"line":173,"column":2}}},"13":{"name":"initialize","line":182,"loc":{"start":{"line":178,"column":2},"end":{"line":194,"column":2}}},"14":{"name":"changeVotingInterval","line":202,"loc":{"start":{"line":202,"column":2},"end":{"line":204,"column":2}}},"15":{"name":"changeProposalStakingAmount","line":208,"loc":{"start":{"line":208,"column":2},"end":{"line":210,"column":2}}},"16":{"name":"setInterestReceivers","line":218,"loc":{"start":{"line":215,"column":2},"end":{"line":236,"column":2}}},"17":{"name":"userHasNotVotedThisIterationAndIsNotProposal","line":247,"loc":{"start":{"line":247,"column":2},"end":{"line":255,"column":2}}},"18":{"name":"noLossDeposit","line":263,"loc":{"start":{"line":260,"column":2},"end":{"line":268,"column":2}}},"19":{"name":"noLossWithdraw","line":277,"loc":{"start":{"line":273,"column":2},"end":{"line":282,"column":2}}},"20":{"name":"noLossCreateProposal","line":291,"loc":{"start":{"line":288,"column":2},"end":{"line":301,"column":2}}},"21":{"name":"noLossWithdrawProposal","line":312,"loc":{"start":{"line":308,"column":2},"end":{"line":320,"column":2}}},"22":{"name":"delegateVoting","line":334,"loc":{"start":{"line":330,"column":2},"end":{"line":338,"column":2}}},"23":{"name":"voteDirect","line":350,"loc":{"start":{"line":342,"column":2},"end":{"line":354,"column":2}}},"24":{"name":"voteProxy","line":367,"loc":{"start":{"line":359,"column":2},"end":{"line":376,"column":2}}},"25":{"name":"_vote","line":381,"loc":{"start":{"line":381,"column":2},"end":{"line":396,"column":2}}},"26":{"name":"distributeFunds","line":405,"loc":{"start":{"line":405,"column":2},"end":{"line":450,"column":2}}}},"statementMap":{"1":{"start":{"line":90,"column":4},"end":{"line":90,"column":44}},"2":{"start":{"line":95,"column":4},"end":{"line":95,"column":3264}},"3":{"start":{"line":103,"column":4},"end":{"line":103,"column":3421}},"4":{"start":{"line":111,"column":4},"end":{"line":111,"column":3619}},"5":{"start":{"line":119,"column":4},"end":{"line":119,"column":3819}},"6":{"start":{"line":127,"column":4},"end":{"line":127,"column":73}},"7":{"start":{"line":132,"column":4},"end":{"line":132,"column":75}},"8":{"start":{"line":137,"column":4},"end":{"line":137,"column":4281}},"9":{"start":{"line":148,"column":4},"end":{"line":148,"column":4717}},"10":{"start":{"line":156,"column":4},"end":{"line":156,"column":4907}},"11":{"start":{"line":163,"column":4},"end":{"line":163,"column":66}},"12":{"start":{"line":168,"column":4},"end":{"line":168,"column":5226}},"13":{"start":{"line":183,"column":4},"end":{"line":183,"column":58}},"14":{"start":{"line":184,"column":4},"end":{"line":184,"column":21}},"15":{"start":{"line":185,"column":4},"end":{"line":185,"column":35}},"16":{"start":{"line":187,"column":4},"end":{"line":187,"column":53}},"17":{"start":{"line":188,"column":4},"end":{"line":188,"column":32}},"18":{"start":{"line":189,"column":4},"end":{"line":189,"column":23}},"19":{"start":{"line":190,"column":4},"end":{"line":190,"column":32}},"20":{"start":{"line":191,"column":4},"end":{"line":191,"column":24}},"21":{"start":{"line":193,"column":4},"end":{"line":193,"column":45}},"22":{"start":{"line":203,"column":4},"end":{"line":203,"column":31}},"23":{"start":{"line":209,"column":4},"end":{"line":209,"column":47}},"24":{"start":{"line":219,"column":4},"end":{"line":219,"column":7174}},"25":{"start":{"line":223,"column":4},"end":{"line":223,"column":30}},"26":{"start":{"line":224,"column":4},"end":{"line":224,"column":7320}},"27":{"start":{"line":225,"column":6},"end":{"line":225,"column":57}},"28":{"start":{"line":227,"column":4},"end":{"line":227,"column":63}},"29":{"start":{"line":229,"column":4},"end":{"line":229,"column":41}},"30":{"start":{"line":230,"column":4},"end":{"line":230,"column":29}},"31":{"start":{"line":231,"column":4},"end":{"line":231,"column":7586}},"32":{"start":{"line":252,"column":4},"end":{"line":252,"column":8500}},"33":{"start":{"line":266,"column":4},"end":{"line":266,"column":51}},"34":{"start":{"line":267,"column":4},"end":{"line":267,"column":15}},"35":{"start":{"line":280,"column":4},"end":{"line":280,"column":35}},"36":{"start":{"line":281,"column":4},"end":{"line":281,"column":15}},"37":{"start":{"line":292,"column":4},"end":{"line":292,"column":33}},"38":{"start":{"line":294,"column":4},"end":{"line":294,"column":55}},"39":{"start":{"line":295,"column":4},"end":{"line":295,"column":48}},"40":{"start":{"line":296,"column":4},"end":{"line":296,"column":54}},"41":{"start":{"line":297,"column":4},"end":{"line":297,"column":43}},"42":{"start":{"line":298,"column":4},"end":{"line":298,"column":57}},"43":{"start":{"line":299,"column":4},"end":{"line":299,"column":73}},"44":{"start":{"line":300,"column":4},"end":{"line":300,"column":21}},"45":{"start":{"line":315,"column":4},"end":{"line":315,"column":74}},"46":{"start":{"line":316,"column":4},"end":{"line":316,"column":41}},"47":{"start":{"line":317,"column":4},"end":{"line":317,"column":57}},"48":{"start":{"line":318,"column":4},"end":{"line":318,"column":68}},"49":{"start":{"line":319,"column":4},"end":{"line":319,"column":15}},"50":{"start":{"line":336,"column":4},"end":{"line":336,"column":49}},"51":{"start":{"line":337,"column":4},"end":{"line":337,"column":52}},"52":{"start":{"line":352,"column":4},"end":{"line":352,"column":41}},"53":{"start":{"line":353,"column":4},"end":{"line":353,"column":72}},"54":{"start":{"line":369,"column":4},"end":{"line":369,"column":44}},"55":{"start":{"line":370,"column":4},"end":{"line":370,"column":13322}},"56":{"start":{"line":382,"column":4},"end":{"line":382,"column":78}},"57":{"start":{"line":383,"column":4},"end":{"line":383,"column":13865}},"58":{"start":{"line":387,"column":6},"end":{"line":387,"column":14056}},"59":{"start":{"line":391,"column":4},"end":{"line":391,"column":14168}},"60":{"start":{"line":394,"column":6},"end":{"line":394,"column":56}},"61":{"start":{"line":406,"column":4},"end":{"line":406,"column":36}},"62":{"start":{"line":408,"column":4},"end":{"line":408,"column":15016}},"63":{"start":{"line":410,"column":6},"end":{"line":410,"column":15104}},"64":{"start":{"line":413,"column":6},"end":{"line":413,"column":15200}},"65":{"start":{"line":415,"column":8},"end":{"line":415,"column":15345}},"66":{"start":{"line":416,"column":10},"end":{"line":416,"column":66}},"67":{"start":{"line":417,"column":10},"end":{"line":417,"column":15495}},"68":{"start":{"line":424,"column":8},"end":{"line":424,"column":75}},"69":{"start":{"line":425,"column":8},"end":{"line":425,"column":15819}},"70":{"start":{"line":433,"column":6},"end":{"line":433,"column":65}},"71":{"start":{"line":434,"column":6},"end":{"line":434,"column":16052}},"72":{"start":{"line":436,"column":8},"end":{"line":436,"column":16146}},"73":{"start":{"line":437,"column":10},"end":{"line":437,"column":60}},"74":{"start":{"line":438,"column":10},"end":{"line":438,"column":71}},"75":{"start":{"line":440,"column":8},"end":{"line":440,"column":59}},"76":{"start":{"line":441,"column":8},"end":{"line":441,"column":76}},"77":{"start":{"line":445,"column":4},"end":{"line":445,"column":45}},"78":{"start":{"line":446,"column":4},"end":{"line":446,"column":47}},"79":{"start":{"line":449,"column":4},"end":{"line":449,"column":61}}},"branchMap":{"1":{"line":90,"type":"if","locations":[{"start":{"line":90,"column":4},"end":{"line":90,"column":4}},{"start":{"line":90,"column":4},"end":{"line":90,"column":4}}]},"2":{"line":95,"type":"if","locations":[{"start":{"line":95,"column":4},"end":{"line":95,"column":4}},{"start":{"line":95,"column":4},"end":{"line":95,"column":4}}]},"3":{"line":103,"type":"if","locations":[{"start":{"line":103,"column":4},"end":{"line":103,"column":4}},{"start":{"line":103,"column":4},"end":{"line":103,"column":4}}]},"4":{"line":111,"type":"if","locations":[{"start":{"line":111,"column":4},"end":{"line":111,"column":4}},{"start":{"line":111,"column":4},"end":{"line":111,"column":4}}]},"5":{"line":119,"type":"if","locations":[{"start":{"line":119,"column":4},"end":{"line":119,"column":4}},{"start":{"line":119,"column":4},"end":{"line":119,"column":4}}]},"6":{"line":127,"type":"if","locations":[{"start":{"line":127,"column":4},"end":{"line":127,"column":4}},{"start":{"line":127,"column":4},"end":{"line":127,"column":4}}]},"7":{"line":132,"type":"if","locations":[{"start":{"line":132,"column":4},"end":{"line":132,"column":4}},{"start":{"line":132,"column":4},"end":{"line":132,"column":4}}]},"8":{"line":137,"type":"if","locations":[{"start":{"line":137,"column":4},"end":{"line":137,"column":4}},{"start":{"line":137,"column":4},"end":{"line":137,"column":4}}]},"9":{"line":148,"type":"if","locations":[{"start":{"line":148,"column":4},"end":{"line":148,"column":4}},{"start":{"line":148,"column":4},"end":{"line":148,"column":4}}]},"10":{"line":156,"type":"if","locations":[{"start":{"line":156,"column":4},"end":{"line":156,"column":4}},{"start":{"line":156,"column":4},"end":{"line":156,"column":4}}]},"11":{"line":163,"type":"if","locations":[{"start":{"line":163,"column":4},"end":{"line":163,"column":4}},{"start":{"line":163,"column":4},"end":{"line":163,"column":4}}]},"12":{"line":168,"type":"if","locations":[{"start":{"line":168,"column":4},"end":{"line":168,"column":4}},{"start":{"line":168,"column":4},"end":{"line":168,"column":4}}]},"13":{"line":219,"type":"if","locations":[{"start":{"line":219,"column":4},"end":{"line":219,"column":4}},{"start":{"line":219,"column":4},"end":{"line":219,"column":4}}]},"14":{"line":227,"type":"if","locations":[{"start":{"line":227,"column":4},"end":{"line":227,"column":4}},{"start":{"line":227,"column":4},"end":{"line":227,"column":4}}]},"15":{"line":391,"type":"if","locations":[{"start":{"line":391,"column":4},"end":{"line":391,"column":4}},{"start":{"line":391,"column":4},"end":{"line":391,"column":4}}]},"16":{"line":408,"type":"if","locations":[{"start":{"line":408,"column":4},"end":{"line":408,"column":4}},{"start":{"line":408,"column":4},"end":{"line":408,"column":4}}]},"17":{"line":413,"type":"if","locations":[{"start":{"line":413,"column":6},"end":{"line":413,"column":6}},{"start":{"line":413,"column":6},"end":{"line":413,"column":6}}]},"18":{"line":415,"type":"if","locations":[{"start":{"line":415,"column":8},"end":{"line":415,"column":8}},{"start":{"line":415,"column":8},"end":{"line":415,"column":8}}]},"19":{"line":434,"type":"if","locations":[{"start":{"line":434,"column":6},"end":{"line":434,"column":6}},{"start":{"line":434,"column":6},"end":{"line":434,"column":6}}]},"20":{"line":436,"type":"if","locations":[{"start":{"line":436,"column":8},"end":{"line":436,"column":8}},{"start":{"line":436,"column":8},"end":{"line":436,"column":8}}]}}},
"contracts/PoolDeposits.sol":{"l":{"69":9,"73":5,"77":3,"80":18,"81":16,"84":120,"85":116,"88":11,"89":7,"93":16,"97":12,"105":6,"106":2,"110":10,"114":8,"118":132,"122":126,"126":126,"130":120,"134":56,"135":52,"139":48,"140":46,"144":98,"145":94,"150":14,"151":8,"155":8,"161":4,"168":11,"169":9,"185":63,"186":63,"187":63,"188":63,"189":63,"190":63,"191":63,"197":1,"203":1,"209":116,"210":116,"212":116,"213":116,"214":116,"216":116,"217":116,"218":116,"224":45,"225":45,"227":45,"228":44,"230":1,"231":1,"245":70,"246":70,"247":70,"253":17,"255":17,"256":17,"257":17,"258":9,"270":4,"271":4,"284":46,"285":46,"289":46,"290":46,"295":17,"296":17,"297":5,"315":7,"317":7,"318":7,"319":15,"322":15,"323":15,"324":15,"327":7,"328":7,"346":7,"349":7,"350":6,"359":1,"376":4,"377":4,"387":1,"392":3,"397":7,"398":7,"409":12,"410":12,"411":12,"416":17,"417":2,"418":2,"419":2},"path":"/Users/johanthan/Code/hackathons/app/contracts/contracts/PoolDeposits.sol","s":{"1":9,"2":5,"3":18,"4":120,"5":11,"6":16,"7":6,"8":10,"9":132,"10":126,"11":56,"12":48,"13":98,"14":14,"15":8,"16":11,"17":63,"18":63,"19":63,"20":63,"21":63,"22":63,"23":63,"24":1,"25":1,"26":116,"27":116,"28":116,"29":116,"30":116,"31":116,"32":116,"33":116,"34":45,"35":45,"36":45,"37":44,"38":1,"39":1,"40":70,"41":70,"42":70,"43":17,"44":17,"45":17,"46":17,"47":9,"48":4,"49":4,"50":46,"51":46,"52":46,"53":46,"54":17,"55":17,"56":5,"57":7,"58":7,"59":7,"60":15,"61":15,"62":15,"63":15,"64":7,"65":7,"66":7,"67":7,"68":6,"69":1,"70":4,"71":4,"72":1,"73":3,"74":7,"75":7,"76":12,"77":12,"78":12,"79":17,"80":2,"81":2,"82":2},"b":{"1":[5,4],"2":[3,2],"3":[16,2],"4":[116,4],"5":[7,4],"6":[12,4],"7":[2,4],"8":[8,2],"9":[126,6],"10":[120,6],"11":[52,4],"12":[46,2],"13":[94,4],"14":[8,6],"15":[4,4],"16":[9,2],"17":[2,15]},"f":{"1":9,"2":18,"3":120,"4":11,"5":16,"6":6,"7":10,"8":132,"9":126,"10":56,"11":48,"12":98,"13":14,"14":8,"15":11,"16":63,"17":1,"18":1,"19":116,"20":45,"21":70,"22":17,"23":4,"24":46,"25":17,"26":7,"27":7,"28":4,"29":1,"30":3,"31":7,"32":12,"33":17},"fnMap":{"1":{"name":"emergencyEnacted","line":68,"loc":{"start":{"line":68,"column":2},"end":{"line":78,"column":2}}},"2":{"name":"noEmergencyVoteYet","line":79,"loc":{"start":{"line":79,"column":2},"end":{"line":82,"column":2}}},"3":{"name":"stableState","line":83,"loc":{"start":{"line":83,"column":2},"end":{"line":86,"column":2}}},"4":{"name":"emergencyState","line":87,"loc":{"start":{"line":87,"column":2},"end":{"line":90,"column":2}}},"5":{"name":"eligibleToEmergencyVote","line":92,"loc":{"start":{"line":92,"column":2},"end":{"line":98,"column":2}}},"6":{"name":"onlyAdmin","line":104,"loc":{"start":{"line":104,"column":2},"end":{"line":107,"column":2}}},"7":{"name":"noLossDaoContractOnly","line":109,"loc":{"start":{"line":109,"column":2},"end":{"line":115,"column":2}}},"8":{"name":"allowanceAvailable","line":117,"loc":{"start":{"line":117,"column":2},"end":{"line":123,"column":2}}},"9":{"name":"requiredDai","line":125,"loc":{"start":{"line":125,"column":2},"end":{"line":131,"column":2}}},"10":{"name":"blankUser","line":133,"loc":{"start":{"line":133,"column":2},"end":{"line":136,"column":2}}},"11":{"name":"userStaked","line":138,"loc":{"start":{"line":138,"column":2},"end":{"line":141,"column":2}}},"12":{"name":"hasNotEmergencyVoted","line":143,"loc":{"start":{"line":143,"column":2},"end":{"line":146,"column":2}}},"13":{"name":"validAmountToWithdraw","line":148,"loc":{"start":{"line":148,"column":2},"end":{"line":152,"column":2}}},"14":{"name":"userHasNotVotedThisIterationAndIsNotProposal","line":154,"loc":{"start":{"line":154,"column":2},"end":{"line":162,"column":2}}},"15":{"name":"validInterestSplitInput","line":164,"loc":{"start":{"line":164,"column":2},"end":{"line":170,"column":2}}},"16":{"name":"constructor","line":175,"loc":{"start":{"line":175,"column":2},"end":{"line":192,"column":2}}},"17":{"name":"changeProposalAmount","line":196,"loc":{"start":{"line":196,"column":2},"end":{"line":198,"column":2}}},"18":{"name":"changeAdmin","line":202,"loc":{"start":{"line":202,"column":2},"end":{"line":204,"column":2}}},"19":{"name":"_depositFunds","line":208,"loc":{"start":{"line":208,"column":2},"end":{"line":219,"column":2}}},"20":{"name":"_withdrawFunds","line":223,"loc":{"start":{"line":223,"column":2},"end":{"line":233,"column":2}}},"21":{"name":"deposit","line":242,"loc":{"start":{"line":237,"column":2},"end":{"line":248,"column":2}}},"22":{"name":"exit","line":252,"loc":{"start":{"line":252,"column":2},"end":{"line":259,"column":2}}},"23":{"name":"withdrawDeposit","line":268,"loc":{"start":{"line":263,"column":2},"end":{"line":272,"column":2}}},"24":{"name":"createProposal","line":281,"loc":{"start":{"line":276,"column":2},"end":{"line":291,"column":2}}},"25":{"name":"withdrawProposal","line":294,"loc":{"start":{"line":294,"column":2},"end":{"line":298,"column":2}}},"26":{"name":"_distribute","line":307,"loc":{"start":{"line":307,"column":2},"end":{"line":329,"column":2}}},"27":{"name":"distributeInterest","line":344,"loc":{"start":{"line":336,"column":2},"end":{"line":368,"column":2}}},"28":{"name":"_declareStateOfEmergency","line":375,"loc":{"start":{"line":375,"column":2},"end":{"line":383,"column":2}}},"29":{"name":"adminActivateEmergency","line":386,"loc":{"start":{"line":386,"column":2},"end":{"line":388,"column":2}}},"30":{"name":"declareStateOfEmergency","line":391,"loc":{"start":{"line":391,"column":2},"end":{"line":393,"column":2}}},"31":{"name":"emergencyWithdraw","line":396,"loc":{"start":{"line":396,"column":2},"end":{"line":399,"column":2}}},"32":{"name":"voteEmergency","line":407,"loc":{"start":{"line":403,"column":2},"end":{"line":412,"column":2}}},"33":{"name":"_removeEmergencyVote","line":415,"loc":{"start":{"line":415,"column":2},"end":{"line":421,"column":2}}}},"statementMap":{"1":{"start":{"line":69,"column":4},"end":{"line":69,"column":2453}},"2":{"start":{"line":73,"column":4},"end":{"line":73,"column":2604}},"3":{"start":{"line":80,"column":4},"end":{"line":80,"column":78}},"4":{"start":{"line":84,"column":4},"end":{"line":84,"column":68}},"5":{"start":{"line":88,"column":4},"end":{"line":88,"column":71}},"6":{"start":{"line":93,"column":4},"end":{"line":93,"column":3293}},"7":{"start":{"line":105,"column":4},"end":{"line":105,"column":44}},"8":{"start":{"line":110,"column":4},"end":{"line":110,"column":3748}},"9":{"start":{"line":118,"column":4},"end":{"line":118,"column":3983}},"10":{"start":{"line":126,"column":4},"end":{"line":126,"column":4190}},"11":{"start":{"line":134,"column":4},"end":{"line":134,"column":69}},"12":{"start":{"line":139,"column":4},"end":{"line":139,"column":61}},"13":{"start":{"line":144,"column":4},"end":{"line":144,"column":67}},"14":{"start":{"line":150,"column":4},"end":{"line":150,"column":77}},"15":{"start":{"line":155,"column":4},"end":{"line":155,"column":4988}},"16":{"start":{"line":168,"column":4},"end":{"line":168,"column":76}},"17":{"start":{"line":185,"column":4},"end":{"line":185,"column":35}},"18":{"start":{"line":186,"column":4},"end":{"line":186,"column":71}},"19":{"start":{"line":187,"column":4},"end":{"line":187,"column":36}},"20":{"start":{"line":188,"column":4},"end":{"line":188,"column":51}},"21":{"start":{"line":189,"column":4},"end":{"line":189,"column":21}},"22":{"start":{"line":190,"column":4},"end":{"line":190,"column":35}},"23":{"start":{"line":191,"column":4},"end":{"line":191,"column":27}},"24":{"start":{"line":197,"column":4},"end":{"line":197,"column":26}},"25":{"start":{"line":203,"column":4},"end":{"line":203,"column":19}},"26":{"start":{"line":209,"column":4},"end":{"line":209,"column":68}},"27":{"start":{"line":210,"column":4},"end":{"line":210,"column":58}},"28":{"start":{"line":212,"column":4},"end":{"line":212,"column":62}},"29":{"start":{"line":213,"column":4},"end":{"line":213,"column":55}},"30":{"start":{"line":214,"column":4},"end":{"line":214,"column":64}},"31":{"start":{"line":216,"column":4},"end":{"line":216,"column":31}},"32":{"start":{"line":217,"column":4},"end":{"line":217,"column":66}},"33":{"start":{"line":218,"column":4},"end":{"line":218,"column":52}},"34":{"start":{"line":224,"column":4},"end":{"line":224,"column":66}},"35":{"start":{"line":225,"column":4},"end":{"line":225,"column":52}},"36":{"start":{"line":227,"column":4},"end":{"line":227,"column":7696}},"37":{"start":{"line":228,"column":6},"end":{"line":228,"column":45}},"38":{"start":{"line":230,"column":6},"end":{"line":230,"column":29}},"39":{"start":{"line":231,"column":6},"end":{"line":231,"column":46}},"40":{"start":{"line":245,"column":4},"end":{"line":245,"column":24}},"41":{"start":{"line":246,"column":4},"end":{"line":246,"column":46}},"42":{"start":{"line":247,"column":4},"end":{"line":247,"column":41}},"43":{"start":{"line":253,"column":4},"end":{"line":253,"column":45}},"44":{"start":{"line":255,"column":4},"end":{"line":255,"column":25}},"45":{"start":{"line":256,"column":4},"end":{"line":256,"column":25}},"46":{"start":{"line":257,"column":4},"end":{"line":257,"column":47}},"47":{"start":{"line":258,"column":4},"end":{"line":258,"column":37}},"48":{"start":{"line":270,"column":4},"end":{"line":270,"column":25}},"49":{"start":{"line":271,"column":4},"end":{"line":271,"column":52}},"50":{"start":{"line":284,"column":4},"end":{"line":284,"column":32}},"51":{"start":{"line":285,"column":4},"end":{"line":285,"column":9718}},"52":{"start":{"line":289,"column":4},"end":{"line":289,"column":66}},"53":{"start":{"line":290,"column":4},"end":{"line":290,"column":21}},"54":{"start":{"line":295,"column":4},"end":{"line":295,"column":43}},"55":{"start":{"line":296,"column":4},"end":{"line":296,"column":55}},"56":{"start":{"line":297,"column":4},"end":{"line":297,"column":38}},"57":{"start":{"line":315,"column":4},"end":{"line":315,"column":46}},"58":{"start":{"line":317,"column":4},"end":{"line":317,"column":53}},"59":{"start":{"line":318,"column":4},"end":{"line":318,"column":11008}},"60":{"start":{"line":319,"column":6},"end":{"line":319,"column":11066}},"61":{"start":{"line":322,"column":6},"end":{"line":322,"column":53}},"62":{"start":{"line":323,"column":6},"end":{"line":323,"column":50}},"63":{"start":{"line":324,"column":6},"end":{"line":324,"column":51}},"64":{"start":{"line":327,"column":4},"end":{"line":327,"column":45}},"65":{"start":{"line":328,"column":4},"end":{"line":328,"column":54}},"66":{"start":{"line":346,"column":4},"end":{"line":346,"column":12039}},"67":{"start":{"line":349,"column":4},"end":{"line":349,"column":12141}},"68":{"start":{"line":350,"column":6},"end":{"line":350,"column":12192}},"69":{"start":{"line":359,"column":6},"end":{"line":359,"column":12362}},"70":{"start":{"line":376,"column":4},"end":{"line":376,"column":26}},"71":{"start":{"line":377,"column":4},"end":{"line":377,"column":12845}},"72":{"start":{"line":387,"column":4},"end":{"line":387,"column":29}},"73":{"start":{"line":392,"column":4},"end":{"line":392,"column":29}},"74":{"start":{"line":397,"column":4},"end":{"line":397,"column":43}},"75":{"start":{"line":398,"column":4},"end":{"line":398,"column":39}},"76":{"start":{"line":409,"column":4},"end":{"line":409,"column":36}},"77":{"start":{"line":410,"column":4},"end":{"line":410,"column":74}},"78":{"start":{"line":411,"column":4},"end":{"line":411,"column":60}},"79":{"start":{"line":416,"column":4},"end":{"line":416,"column":14138}},"80":{"start":{"line":417,"column":6},"end":{"line":417,"column":39}},"81":{"start":{"line":418,"column":6},"end":{"line":418,"column":76}},"82":{"start":{"line":419,"column":6},"end":{"line":419,"column":68}}},"branchMap":{"1":{"line":69,"type":"if","locations":[{"start":{"line":69,"column":4},"end":{"line":69,"column":4}},{"start":{"line":69,"column":4},"end":{"line":69,"column":4}}]},"2":{"line":73,"type":"if","locations":[{"start":{"line":73,"column":4},"end":{"line":73,"column":4}},{"start":{"line":73,"column":4},"end":{"line":73,"column":4}}]},"3":{"line":80,"type":"if","locations":[{"start":{"line":80,"column":4},"end":{"line":80,"column":4}},{"start":{"line":80,"column":4},"end":{"line":80,"column":4}}]},"4":{"line":84,"type":"if","locations":[{"start":{"line":84,"column":4},"end":{"line":84,"column":4}},{"start":{"line":84,"column":4},"end":{"line":84,"column":4}}]},"5":{"line":88,"type":"if","locations":[{"start":{"line":88,"column":4},"end":{"line":88,"column":4}},{"start":{"line":88,"column":4},"end":{"line":88,"column":4}}]},"6":{"line":93,"type":"if","locations":[{"start":{"line":93,"column":4},"end":{"line":93,"column":4}},{"start":{"line":93,"column":4},"end":{"line":93,"column":4}}]},"7":{"line":105,"type":"if","locations":[{"start":{"line":105,"column":4},"end":{"line":105,"column":4}},{"start":{"line":105,"column":4},"end":{"line":105,"column":4}}]},"8":{"line":110,"type":"if","locations":[{"start":{"line":110,"column":4},"end":{"line":110,"column":4}},{"start":{"line":110,"column":4},"end":{"line":110,"column":4}}]},"9":{"line":118,"type":"if","locations":[{"start":{"line":118,"column":4},"end":{"line":118,"column":4}},{"start":{"line":118,"column":4},"end":{"line":118,"column":4}}]},"10":{"line":126,"type":"if","locations":[{"start":{"line":126,"column":4},"end":{"line":126,"column":4}},{"start":{"line":126,"column":4},"end":{"line":126,"column":4}}]},"11":{"line":134,"type":"if","locations":[{"start":{"line":134,"column":4},"end":{"line":134,"column":4}},{"start":{"line":134,"column":4},"end":{"line":134,"column":4}}]},"12":{"line":139,"type":"if","locations":[{"start":{"line":139,"column":4},"end":{"line":139,"column":4}},{"start":{"line":139,"column":4},"end":{"line":139,"column":4}}]},"13":{"line":144,"type":"if","locations":[{"start":{"line":144,"column":4},"end":{"line":144,"column":4}},{"start":{"line":144,"column":4},"end":{"line":144,"column":4}}]},"14":{"line":150,"type":"if","locations":[{"start":{"line":150,"column":4},"end":{"line":150,"column":4}},{"start":{"line":150,"column":4},"end":{"line":150,"column":4}}]},"15":{"line":155,"type":"if","locations":[{"start":{"line":155,"column":4},"end":{"line":155,"column":4}},{"start":{"line":155,"column":4},"end":{"line":155,"column":4}}]},"16":{"line":168,"type":"if","locations":[{"start":{"line":168,"column":4},"end":{"line":168,"column":4}},{"start":{"line":168,"column":4},"end":{"line":168,"column":4}}]},"17":{"line":416,"type":"if","locations":[{"start":{"line":416,"column":4},"end":{"line":416,"column":4}},{"start":{"line":416,"column":4},"end":{"line":416,"column":4}}]}}}}
