TN:
SF:/Users/johanthan/Code/hackathons/app/contracts/contracts/interfaces/IAaveLendingPool.sol
FNF:0
FNH:0
LF:0
LH:0
BRF:0
BRH:0
end_of_record
TN:
SF:/Users/johanthan/Code/hackathons/app/contracts/contracts/interfaces/IADai.sol
FNF:0
FNH:0
LF:0
LH:0
BRF:0
BRH:0
end_of_record
TN:
SF:/Users/johanthan/Code/hackathons/app/contracts/contracts/interfaces/IERC20.sol
FNF:0
FNH:0
LF:0
LH:0
BRF:0
BRH:0
end_of_record
TN:
SF:/Users/johanthan/Code/hackathons/app/contracts/contracts/interfaces/ILendingPoolAddressesProvider.sol
FNF:0
FNH:0
LF:0
LH:0
BRF:0
BRH:0
end_of_record
TN:
SF:/Users/johanthan/Code/hackathons/app/contracts/contracts/interfaces/INoLossDao.sol
FNF:0
FNH:0
LF:0
LH:0
BRF:0
BRH:0
end_of_record
TN:
SF:/Users/johanthan/Code/hackathons/app/contracts/contracts/interfaces/IPoolDeposits.sol
FNF:0
FNH:0
LF:0
LH:0
BRF:0
BRH:0
end_of_record
TN:
SF:/Users/johanthan/Code/hackathons/app/contracts/contracts/mocks/AaveLendingPool.sol
FN:14,constructor
FN:19,deposit
FNF:2
FNH:2
FNDA:63,constructor
FNDA:116,deposit
DA:15,63
DA:16,63
DA:25,116
DA:27,116
DA:32,116
LF:5
LH:5
BRF:0
BRH:0
end_of_record
TN:
SF:/Users/johanthan/Code/hackathons/app/contracts/contracts/mocks/ADai.sol
FN:17,constructor
FN:23,setRedeemFailNotEnoughLiquidity
FN:27,redeem
FNF:3
FNH:3
FNDA:63,constructor
FNDA:2,setRedeemFailNotEnoughLiquidity
FNDA:52,redeem
DA:19,63
DA:20,63
DA:24,2
DA:28,52
DA:31,50
DA:33,50
LF:6
LH:6
BRDA:28,1,0,50
BRDA:28,1,1,2
BRF:2
BRH:2
end_of_record
TN:
SF:/Users/johanthan/Code/hackathons/app/contracts/contracts/mocks/LendingPoolAddressesProvider.sol
FN:9,constructor
FN:13,getLendingPool
FN:17,getLendingPoolCore
FNF:3
FNH:3
FNDA:63,constructor
FNDA:116,getLendingPool
FNDA:116,getLendingPoolCore
DA:10,63
DA:14,116
DA:18,116
LF:3
LH:3
BRF:0
BRH:0
end_of_record
TN:
SF:/Users/johanthan/Code/hackathons/app/contracts/contracts/mocks/MockERC20.sol
FN:17,constructor
FN:29,mint
FN:34,burnFrom
FN:38,approve
FN:43,transfer
FN:49,allowance
FN:57,transferFrom
FN:68,balanceOf
FNF:8
FNH:8
FNDA:126,constructor
FNDA:280,mint
FNDA:166,burnFrom
FNDA:235,approve
FNDA:67,transfer
FNDA:142,allowance
FNDA:116,transferFrom
FNDA:155,balanceOf
DA:23,126
DA:24,126
DA:25,126
DA:26,126
DA:30,280
DA:31,280
DA:35,166
DA:39,235
DA:40,235
DA:44,67
DA:45,67
DA:46,67
DA:54,142
DA:62,116
DA:63,116
DA:64,116
DA:65,116
DA:69,155
LF:18
LH:18
BRF:0
BRH:0
end_of_record
TN:
SF:/Users/johanthan/Code/hackathons/app/contracts/contracts/NoLossDao_v0.sol
FN:89,onlyAdmin
FN:94,hasDeposit
FN:102,noVoteYet
FN:110,userHasActiveProposal
FN:118,userHasNoActiveProposal
FN:126,userHasNoProposal
FN:131,proposalActive
FN:136,proxyRight
FN:147,joinedInTime
FN:155,lockInFulfilled
FN:162,iterationElapsed
FN:167,depositContractOnly
FN:182,initialize
FN:202,changeVotingInterval
FN:208,changeProposalStakingAmount
FN:218,setInterestReceivers
FN:247,userHasNotVotedThisIterationAndIsNotProposal
FN:263,noLossDeposit
FN:277,noLossWithdraw
FN:291,noLossCreateProposal
FN:312,noLossWithdrawProposal
FN:334,delegateVoting
FN:350,voteDirect
FN:367,voteProxy
FN:381,_vote
FN:405,distributeFunds
FNF:26
FNH:26
FNDA:13,onlyAdmin
FNDA:52,hasDeposit
FNDA:69,noVoteYet
FNDA:17,userHasActiveProposal
FNDA:63,userHasNoActiveProposal
FNDA:81,userHasNoProposal
FNDA:68,proposalActive
FNDA:19,proxyRight
FNDA:38,joinedInTime
FNDA:13,lockInFulfilled
FNDA:99,iterationElapsed
FNDA:154,depositContractOnly
FNDA:63,initialize
FNDA:1,changeVotingInterval
FNDA:1,changeProposalStakingAmount
FNDA:5,setInterestReceivers
FNDA:8,userHasNotVotedThisIterationAndIsNotProposal
FNDA:70,noLossDeposit
FNDA:9,noLossWithdraw
FNDA:46,noLossCreateProposal
FNDA:5,noLossWithdrawProposal
FNDA:8,delegateVoting
FNDA:27,voteDirect
FNDA:5,voteProxy
FNDA:32,_vote
FNDA:75,distributeFunds
DA:90,13
DA:91,7
DA:95,52
DA:99,48
DA:103,69
DA:107,53
DA:111,17
DA:115,13
DA:119,63
DA:123,61
DA:127,81
DA:128,79
DA:132,68
DA:133,60
DA:137,19
DA:141,11
DA:148,38
DA:152,32
DA:156,13
DA:160,5
DA:163,99
DA:164,75
DA:168,154
DA:172,150
DA:183,63
DA:184,63
DA:185,63
DA:187,63
DA:188,63
DA:189,63
DA:190,63
DA:191,63
DA:193,63
DA:203,1
DA:209,1
DA:219,5
DA:223,3
DA:224,3
DA:225,9
DA:227,3
DA:229,1
DA:230,1
DA:231,1
DA:252,8
DA:266,70
DA:267,70
DA:280,9
DA:281,9
DA:292,46
DA:294,46
DA:295,46
DA:296,46
DA:297,46
DA:298,46
DA:299,46
DA:300,46
DA:315,5
DA:316,5
DA:317,5
DA:318,5
DA:319,5
DA:336,8
DA:337,8
DA:352,27
DA:353,27
DA:369,5
DA:370,5
DA:382,32
DA:383,32
DA:387,32
DA:391,32
DA:394,30
DA:406,75
DA:408,75
DA:410,42
DA:413,42
DA:415,7
DA:416,6
DA:417,6
DA:424,7
DA:425,7
DA:433,42
DA:434,42
DA:436,16
DA:437,15
DA:438,15
DA:440,16
DA:441,16
DA:445,75
DA:446,75
DA:449,75
LF:91
LH:91
BRDA:90,1,0,7
BRDA:90,1,1,6
BRDA:95,2,0,48
BRDA:95,2,1,4
BRDA:103,3,0,53
BRDA:103,3,1,16
BRDA:111,4,0,13
BRDA:111,4,1,4
BRDA:119,5,0,61
BRDA:119,5,1,2
BRDA:127,6,0,79
BRDA:127,6,1,2
BRDA:132,7,0,60
BRDA:132,7,1,8
BRDA:137,8,0,11
BRDA:137,8,1,8
BRDA:148,9,0,32
BRDA:148,9,1,6
BRDA:156,10,0,5
BRDA:156,10,1,8
BRDA:163,11,0,75
BRDA:163,11,1,24
BRDA:168,12,0,150
BRDA:168,12,1,4
BRDA:219,13,0,3
BRDA:219,13,1,2
BRDA:227,14,0,1
BRDA:227,14,1,2
BRDA:391,15,0,30
BRDA:391,15,1,2
BRDA:408,16,0,42
BRDA:408,16,1,33
BRDA:413,17,0,7
BRDA:413,17,1,35
BRDA:415,18,0,6
BRDA:415,18,1,1
BRDA:434,19,0,16
BRDA:434,19,1,26
BRDA:436,20,0,15
BRDA:436,20,1,1
BRF:40
BRH:40
end_of_record
TN:
SF:/Users/johanthan/Code/hackathons/app/contracts/contracts/PoolDeposits.sol
FN:68,emergencyEnacted
FN:79,noEmergencyVoteYet
FN:83,stableState
FN:87,emergencyState
FN:92,eligibleToEmergencyVote
FN:104,onlyAdmin
FN:109,noLossDaoContractOnly
FN:117,allowanceAvailable
FN:125,requiredDai
FN:133,blankUser
FN:138,userStaked
FN:143,hasNotEmergencyVoted
FN:148,validAmountToWithdraw
FN:154,userHasNotVotedThisIterationAndIsNotProposal
FN:164,validInterestSplitInput
FN:175,constructor
FN:196,changeProposalAmount
FN:202,changeAdmin
FN:208,_depositFunds
FN:223,_withdrawFunds
FN:242,deposit
FN:252,exit
FN:268,withdrawDeposit
FN:281,createProposal
FN:294,withdrawProposal
FN:307,_distribute
FN:344,distributeInterest
FN:375,_declareStateOfEmergency
FN:386,adminActivateEmergency
FN:391,declareStateOfEmergency
FN:396,emergencyWithdraw
FN:407,voteEmergency
FN:415,_removeEmergencyVote
FNF:33
FNH:33
FNDA:9,emergencyEnacted
FNDA:18,noEmergencyVoteYet
FNDA:120,stableState
FNDA:11,emergencyState
FNDA:16,eligibleToEmergencyVote
FNDA:6,onlyAdmin
FNDA:10,noLossDaoContractOnly
FNDA:132,allowanceAvailable
FNDA:126,requiredDai
FNDA:56,blankUser
FNDA:48,userStaked
FNDA:98,hasNotEmergencyVoted
FNDA:14,validAmountToWithdraw
FNDA:8,userHasNotVotedThisIterationAndIsNotProposal
FNDA:11,validInterestSplitInput
FNDA:63,constructor
FNDA:1,changeProposalAmount
FNDA:1,changeAdmin
FNDA:116,_depositFunds
FNDA:45,_withdrawFunds
FNDA:70,deposit
FNDA:17,exit
FNDA:4,withdrawDeposit
FNDA:46,createProposal
FNDA:17,withdrawProposal
FNDA:7,_distribute
FNDA:7,distributeInterest
FNDA:4,_declareStateOfEmergency
FNDA:1,adminActivateEmergency
FNDA:3,declareStateOfEmergency
FNDA:7,emergencyWithdraw
FNDA:12,voteEmergency
FNDA:17,_removeEmergencyVote
DA:69,9
DA:73,5
DA:77,3
DA:80,18
DA:81,16
DA:84,120
DA:85,116
DA:88,11
DA:89,7
DA:93,16
DA:97,12
DA:105,6
DA:106,2
DA:110,10
DA:114,8
DA:118,132
DA:122,126
DA:126,126
DA:130,120
DA:134,56
DA:135,52
DA:139,48
DA:140,46
DA:144,98
DA:145,94
DA:150,14
DA:151,8
DA:155,8
DA:161,4
DA:168,11
DA:169,9
DA:185,63
DA:186,63
DA:187,63
DA:188,63
DA:189,63
DA:190,63
DA:191,63
DA:197,1
DA:203,1
DA:209,116
DA:210,116
DA:212,116
DA:213,116
DA:214,116
DA:216,116
DA:217,116
DA:218,116
DA:224,45
DA:225,45
DA:227,45
DA:228,44
DA:230,1
DA:231,1
DA:245,70
DA:246,70
DA:247,70
DA:253,17
DA:255,17
DA:256,17
DA:257,17
DA:258,9
DA:270,4
DA:271,4
DA:284,46
DA:285,46
DA:289,46
DA:290,46
DA:295,17
DA:296,17
DA:297,5
DA:315,7
DA:317,7
DA:318,7
DA:319,15
DA:322,15
DA:323,15
DA:324,15
DA:327,7
DA:328,7
DA:346,7
DA:349,7
DA:350,6
DA:359,1
DA:376,4
DA:377,4
DA:387,1
DA:392,3
DA:397,7
DA:398,7
DA:409,12
DA:410,12
DA:411,12
DA:416,17
DA:417,2
DA:418,2
DA:419,2
LF:97
LH:97
BRDA:69,1,0,5
BRDA:69,1,1,4
BRDA:73,2,0,3
BRDA:73,2,1,2
BRDA:80,3,0,16
BRDA:80,3,1,2
BRDA:84,4,0,116
BRDA:84,4,1,4
BRDA:88,5,0,7
BRDA:88,5,1,4
BRDA:93,6,0,12
BRDA:93,6,1,4
BRDA:105,7,0,2
BRDA:105,7,1,4
BRDA:110,8,0,8
BRDA:110,8,1,2
BRDA:118,9,0,126
BRDA:118,9,1,6
BRDA:126,10,0,120
BRDA:126,10,1,6
BRDA:134,11,0,52
BRDA:134,11,1,4
BRDA:139,12,0,46
BRDA:139,12,1,2
BRDA:144,13,0,94
BRDA:144,13,1,4
BRDA:150,14,0,8
BRDA:150,14,1,6
BRDA:155,15,0,4
BRDA:155,15,1,4
BRDA:168,16,0,9
BRDA:168,16,1,2
BRDA:416,17,0,2
BRDA:416,17,1,15
BRF:34
BRH:34
end_of_record
