TN:
SF:/Users/jonjon/Code/daocare/app/contracts/contracts/interfaces/IAaveLendingPool.sol
FNF:0
FNH:0
LF:0
LH:0
BRF:0
BRH:0
end_of_record
TN:
SF:/Users/jonjon/Code/daocare/app/contracts/contracts/interfaces/IADai.sol
FNF:0
FNH:0
LF:0
LH:0
BRF:0
BRH:0
end_of_record
TN:
SF:/Users/jonjon/Code/daocare/app/contracts/contracts/interfaces/IERC20.sol
FNF:0
FNH:0
LF:0
LH:0
BRF:0
BRH:0
end_of_record
TN:
SF:/Users/jonjon/Code/daocare/app/contracts/contracts/interfaces/ILendingPoolAddressesProvider.sol
FNF:0
FNH:0
LF:0
LH:0
BRF:0
BRH:0
end_of_record
TN:
SF:/Users/jonjon/Code/daocare/app/contracts/contracts/interfaces/INoLossDao.sol
FNF:0
FNH:0
LF:0
LH:0
BRF:0
BRH:0
end_of_record
TN:
SF:/Users/jonjon/Code/daocare/app/contracts/contracts/interfaces/IPoolDeposits.sol
FNF:0
FNH:0
LF:0
LH:0
BRF:0
BRH:0
end_of_record
TN:
SF:/Users/jonjon/Code/daocare/app/contracts/contracts/Migrations.sol
FN:8,restricted
FN:12,constructor
FN:16,setCompleted
FN:20,upgrade
FNF:4
FNH:0
FNDA:0,restricted
FNDA:0,constructor
FNDA:0,setCompleted
FNDA:0,upgrade
DA:9,0
DA:13,0
DA:17,0
DA:21,0
DA:22,0
LF:5
LH:0
BRDA:9,1,0,0
BRDA:9,1,1,0
BRF:2
BRH:0
end_of_record
TN:
SF:/Users/jonjon/Code/daocare/app/contracts/contracts/mocks/AaveLendingPool.sol
FN:15,constructor
FN:20,deposit
FNF:2
FNH:2
FNDA:47,constructor
FNDA:92,deposit
DA:16,47
DA:17,47
DA:23,92
DA:24,92
DA:25,92
DA:26,92
DA:27,92
DA:31,92
DA:32,92
LF:9
LH:9
BRF:0
BRH:0
end_of_record
TN:
SF:/Users/jonjon/Code/daocare/app/contracts/contracts/mocks/ADai.sol
FN:14,constructor
FN:21,redeem
FNF:2
FNH:2
FNDA:47,constructor
FNDA:42,redeem
DA:18,47
DA:22,42
DA:23,42
DA:24,42
DA:25,42
DA:26,42
DA:27,42
LF:7
LH:7
BRF:0
BRH:0
end_of_record
TN:
SF:/Users/jonjon/Code/daocare/app/contracts/contracts/mocks/LendingPoolAddressesProvider.sol
FN:10,constructor
FN:14,getLendingPool
FN:18,getLendingPoolCore
FNF:3
FNH:3
FNDA:47,constructor
FNDA:92,getLendingPool
FNDA:92,getLendingPoolCore
DA:11,47
DA:15,92
DA:19,92
LF:3
LH:3
BRF:0
BRH:0
end_of_record
TN:
SF:/Users/jonjon/Code/daocare/app/contracts/contracts/mocks/MockERC20.sol
FN:18,constructor
FN:30,mint
FN:35,burnFrom
FN:39,approve
FN:44,transfer
FN:50,allowance
FN:58,transferFrom
FN:67,balanceOf
FNF:8
FNH:8
FNDA:94,constructor
FNDA:227,mint
FNDA:134,burnFrom
FNDA:187,approve
FNDA:55,transfer
FNDA:105,allowance
FNDA:92,transferFrom
FNDA:116,balanceOf
DA:24,94
DA:25,94
DA:26,94
DA:27,94
DA:31,227
DA:32,227
DA:36,134
DA:40,187
DA:41,187
DA:45,55
DA:46,55
DA:47,55
DA:55,105
DA:62,92
DA:63,92
DA:64,92
DA:68,116
LF:17
LH:17
BRF:0
BRH:0
end_of_record
TN:
SF:/Users/jonjon/Code/daocare/app/contracts/contracts/NoLossDao_v0.sol
FN:90,onlyAdmin
FN:95,userStaked
FN:103,noVoteYet
FN:111,userHasActiveProposal
FN:119,userHasNoActiveProposal
FN:127,userHasNoProposal
FN:132,proposalActive
FN:137,proxyRight
FN:148,joinedInTime
FN:156,lockInFulfilled
FN:163,iterationElapsed
FN:168,depositContractOnly
FN:179,initialize
FN:201,changeVotingInterval
FN:207,changeProposalStakingAmount
FN:212,setInterestReceivers
FN:243,noLossDeposit
FN:256,noLossWithdraw
FN:271,noLossCreateProposal
FN:291,noLossWithdrawProposal
FN:313,delegateVoting
FN:325,voteDirect
FN:342,voteProxy
FN:363,_vote
FN:387,distributeFunds
FNF:25
FNH:25
FNDA:13,onlyAdmin
FNDA:43,userStaked
FNDA:57,noVoteYet
FNDA:17,userHasActiveProposal
FNDA:49,userHasNoActiveProposal
FNDA:61,userHasNoProposal
FNDA:59,proposalActive
FNDA:19,proxyRight
FNDA:29,joinedInTime
FNDA:13,lockInFulfilled
FNDA:86,iterationElapsed
FNDA:127,depositContractOnly
FNDA:47,initialize
FNDA:1,changeVotingInterval
FNDA:1,changeProposalStakingAmount
FNDA:5,setInterestReceivers
FNDA:53,noLossDeposit
FNDA:6,noLossWithdraw
FNDA:39,noLossCreateProposal
FNDA:5,noLossWithdrawProposal
FNDA:8,delegateVoting
FNDA:22,voteDirect
FNDA:5,voteProxy
FNDA:27,_vote
FNDA:64,distributeFunds
DA:91,13
DA:92,7
DA:96,43
DA:100,39
DA:104,57
DA:108,41
DA:112,17
DA:116,13
DA:120,49
DA:124,47
DA:128,61
DA:129,59
DA:133,59
DA:134,51
DA:138,19
DA:142,11
DA:149,29
DA:153,27
DA:157,13
DA:161,5
DA:164,86
DA:165,64
DA:169,127
DA:173,123
DA:183,47
DA:184,47
DA:185,47
DA:186,47
DA:187,47
DA:188,47
DA:189,47
DA:190,47
DA:192,47
DA:202,1
DA:208,1
DA:216,5
DA:220,3
DA:221,3
DA:222,9
DA:224,3
DA:226,1
DA:227,1
DA:228,1
DA:249,53
DA:250,53
DA:263,6
DA:264,6
DA:275,39
DA:277,39
DA:278,39
DA:279,39
DA:280,39
DA:281,39
DA:282,39
DA:283,39
DA:298,5
DA:299,5
DA:300,5
DA:301,5
DA:302,5
DA:319,8
DA:320,8
DA:335,22
DA:336,22
DA:351,5
DA:352,5
DA:364,27
DA:365,27
DA:369,27
DA:373,27
DA:376,25
DA:388,64
DA:390,64
DA:392,37
DA:395,37
DA:397,6
DA:398,5
DA:399,5
DA:406,6
DA:407,6
DA:415,37
DA:416,37
DA:418,13
DA:419,12
DA:420,12
DA:422,13
DA:423,13
DA:427,64
DA:428,64
DA:431,64
LF:90
LH:90
BRDA:91,1,0,7
BRDA:91,1,1,6
BRDA:96,2,0,39
BRDA:96,2,1,4
BRDA:104,3,0,41
BRDA:104,3,1,16
BRDA:112,4,0,13
BRDA:112,4,1,4
BRDA:120,5,0,47
BRDA:120,5,1,2
BRDA:128,6,0,59
BRDA:128,6,1,2
BRDA:133,7,0,51
BRDA:133,7,1,8
BRDA:138,8,0,11
BRDA:138,8,1,8
BRDA:149,9,0,27
BRDA:149,9,1,2
BRDA:157,10,0,5
BRDA:157,10,1,8
BRDA:164,11,0,64
BRDA:164,11,1,22
BRDA:169,12,0,123
BRDA:169,12,1,4
BRDA:216,13,0,3
BRDA:216,13,1,2
BRDA:224,14,0,1
BRDA:224,14,1,2
BRDA:373,15,0,25
BRDA:373,15,1,2
BRDA:390,16,0,37
BRDA:390,16,1,27
BRDA:395,17,0,6
BRDA:395,17,1,31
BRDA:397,18,0,5
BRDA:397,18,1,1
BRDA:416,19,0,13
BRDA:416,19,1,24
BRDA:418,20,0,12
BRDA:418,20,1,1
BRF:40
BRH:40
end_of_record
TN:
SF:/Users/jonjon/Code/daocare/app/contracts/contracts/PoolDeposits.sol
FN:60,emergencyEnacted
FN:71,noEmergencyVoteYet
FN:75,stableState
FN:79,emergencyState
FN:84,eligibleToEmergencyVote
FN:96,noLossDaoContractOnly
FN:104,allowanceAvailable
FN:112,requiredDai
FN:120,blankUser
FN:125,userStaked
FN:130,validInterestSplitInput
FN:141,constructor
FN:162,changeProposalAmount
FN:168,_depositFunds
FN:182,_withdrawFunds
FN:195,deposit
FN:210,withdrawDeposit
FN:218,createProposal
FN:236,withdrawProposal
FN:245,distributeInterest
FN:280,declareStateOfEmergency
FN:291,emergencyWithdraw
FN:298,voteEmergency
FN:310,_removeEmergencyVote
FNF:24
FNH:24
FNDA:9,emergencyEnacted
FNDA:16,noEmergencyVoteYet
FNDA:96,stableState
FNDA:9,emergencyState
FNDA:14,eligibleToEmergencyVote
FNDA:9,noLossDaoContractOnly
FNDA:104,allowanceAvailable
FNDA:100,requiredDai
FNDA:110,blankUser
FNDA:41,userStaked
FNDA:10,validInterestSplitInput
FNDA:47,constructor
FNDA:1,changeProposalAmount
FNDA:92,_depositFunds
FNDA:36,_withdrawFunds
FNDA:53,deposit
FNDA:14,withdrawDeposit
FNDA:39,createProposal
FNDA:17,withdrawProposal
FNDA:6,distributeInterest
FNDA:3,declareStateOfEmergency
FNDA:5,emergencyWithdraw
FNDA:10,voteEmergency
FNDA:36,_removeEmergencyVote
DA:61,9
DA:65,5
DA:69,3
DA:72,16
DA:73,14
DA:76,96
DA:77,92
DA:80,9
DA:81,5
DA:85,14
DA:89,10
DA:97,9
DA:101,7
DA:105,104
DA:109,100
DA:113,100
DA:117,96
DA:121,110
DA:122,104
DA:126,41
DA:127,39
DA:134,10
DA:135,8
DA:151,47
DA:152,47
DA:153,47
DA:154,47
DA:155,47
DA:156,47
DA:157,47
DA:163,1
DA:169,92
DA:170,92
DA:172,92
DA:173,92
DA:174,92
DA:176,92
DA:177,92
DA:178,92
DA:183,36
DA:184,36
DA:186,36
DA:187,36
DA:189,36
DA:190,36
DA:202,53
DA:203,53
DA:204,53
DA:211,14
DA:212,14
DA:213,6
DA:226,39
DA:227,39
DA:231,39
DA:232,39
DA:237,17
DA:238,17
DA:239,5
DA:255,6
DA:258,6
DA:260,6
DA:261,6
DA:262,13
DA:263,13
DA:264,13
DA:265,13
DA:268,6
DA:271,6
DA:272,6
DA:281,3
DA:282,3
DA:292,5
DA:293,5
DA:304,10
DA:305,10
DA:306,10
DA:311,36
DA:312,36
DA:313,36
DA:314,4
DA:315,4
LF:81
LH:81
BRDA:61,1,0,5
BRDA:61,1,1,4
BRDA:65,2,0,3
BRDA:65,2,1,2
BRDA:72,3,0,14
BRDA:72,3,1,2
BRDA:76,4,0,92
BRDA:76,4,1,4
BRDA:80,5,0,5
BRDA:80,5,1,4
BRDA:85,6,0,10
BRDA:85,6,1,4
BRDA:97,7,0,7
BRDA:97,7,1,2
BRDA:105,8,0,100
BRDA:105,8,1,4
BRDA:113,9,0,96
BRDA:113,9,1,4
BRDA:121,10,0,104
BRDA:121,10,1,6
BRDA:126,11,0,39
BRDA:126,11,1,2
BRDA:134,12,0,8
BRDA:134,12,1,2
BRDA:313,13,0,4
BRDA:313,13,1,32
BRF:26
BRH:26
end_of_record
