{"contracts/interfaces/IAaveLendingPool.sol":{"l":{},"path":"/home/jonjon/code/daocare/app/contracts/contracts/interfaces/IAaveLendingPool.sol","s":{},"b":{},"f":{},"fnMap":{},"statementMap":{},"branchMap":{}},"contracts/interfaces/IADai.sol":{"l":{},"path":"/home/jonjon/code/daocare/app/contracts/contracts/interfaces/IADai.sol","s":{},"b":{},"f":{},"fnMap":{},"statementMap":{},"branchMap":{}},"contracts/interfaces/ILendingPoolAddressesProvider.sol":{"l":{},"path":"/home/jonjon/code/daocare/app/contracts/contracts/interfaces/ILendingPoolAddressesProvider.sol","s":{},"b":{},"f":{},"fnMap":{},"statementMap":{},"branchMap":{}},"contracts/interfaces/INoLossDao.sol":{"l":{},"path":"/home/jonjon/code/daocare/app/contracts/contracts/interfaces/INoLossDao.sol","s":{},"b":{},"f":{},"fnMap":{},"statementMap":{},"branchMap":{}},"contracts/interfaces/IPoolDeposits.sol":{"l":{},"path":"/home/jonjon/code/daocare/app/contracts/contracts/interfaces/IPoolDeposits.sol","s":{},"b":{},"f":{},"fnMap":{},"statementMap":{},"branchMap":{}},"contracts/Migrations.sol":{"l":{"9":0,"13":0,"17":0,"21":0,"22":0},"path":"/home/jonjon/code/daocare/app/contracts/contracts/Migrations.sol","s":{"1":0,"2":0,"3":0,"4":0,"5":0},"b":{"1":[0,0]},"f":{"1":0,"2":0,"3":0,"4":0},"fnMap":{"1":{"name":"restricted","line":8,"loc":{"start":{"line":8,"column":2},"end":{"line":8,"column":23}}},"2":{"name":"constructor","line":12,"loc":{"start":{"line":12,"column":2},"end":{"line":12,"column":22}}},"3":{"name":"setCompleted","line":16,"loc":{"start":{"line":16,"column":2},"end":{"line":16,"column":60}}},"4":{"name":"upgrade","line":20,"loc":{"start":{"line":20,"column":2},"end":{"line":20,"column":57}}}},"statementMap":{"1":{"start":{"line":9,"column":4},"end":{"line":9,"column":30}},"2":{"start":{"line":13,"column":4},"end":{"line":13,"column":21}},"3":{"start":{"line":17,"column":4},"end":{"line":17,"column":39}},"4":{"start":{"line":21,"column":4},"end":{"line":21,"column":49}},"5":{"start":{"line":22,"column":4},"end":{"line":22,"column":50}}},"branchMap":{"1":{"line":9,"type":"if","locations":[{"start":{"line":9,"column":4},"end":{"line":9,"column":4}},{"start":{"line":9,"column":4},"end":{"line":9,"column":4}}]}}},"contracts/mocks/AaveLendingPool.sol":{"l":{"10":46},"path":"/home/jonjon/code/daocare/app/contracts/contracts/mocks/AaveLendingPool.sol","s":{"1":46},"b":{},"f":{"1":46,"2":90},"fnMap":{"1":{"name":"constructor","line":9,"loc":{"start":{"line":9,"column":2},"end":{"line":9,"column":43}}},"2":{"name":"deposit","line":12,"loc":{"start":{"line":12,"column":2},"end":{"line":14,"column":3}}}},"statementMap":{"1":{"start":{"line":10,"column":4},"end":{"line":10,"column":21}}},"branchMap":{}},"contracts/mocks/ADai.sol":{"l":{"14":46,"17":36},"path":"/home/jonjon/code/daocare/app/contracts/contracts/mocks/ADai.sol","s":{"1":46,"2":36},"b":{},"f":{"1":46,"2":36,"3":14},"fnMap":{"1":{"name":"constructor","line":10,"loc":{"start":{"line":10,"column":2},"end":{"line":13,"column":3}}},"2":{"name":"redeem","line":16,"loc":{"start":{"line":16,"column":2},"end":{"line":16,"column":41}}},"3":{"name":"redirectInterestStream","line":19,"loc":{"start":{"line":19,"column":2},"end":{"line":19,"column":53}}}},"statementMap":{"1":{"start":{"line":14,"column":4},"end":{"line":14,"column":19}},"2":{"start":{"line":17,"column":4},"end":{"line":17,"column":32}}},"branchMap":{}},"contracts/mocks/LendingPoolAddressesProvider.sol":{"l":{"11":46,"14":90,"17":90},"path":"/home/jonjon/code/daocare/app/contracts/contracts/mocks/LendingPoolAddressesProvider.sol","s":{"1":46,"2":90,"3":90},"b":{},"f":{"1":46,"2":90,"3":90},"fnMap":{"1":{"name":"constructor","line":10,"loc":{"start":{"line":10,"column":4},"end":{"line":10,"column":60}}},"2":{"name":"getLendingPool","line":13,"loc":{"start":{"line":13,"column":4},"end":{"line":13,"column":56}}},"3":{"name":"getLendingPoolCore","line":16,"loc":{"start":{"line":16,"column":4},"end":{"line":16,"column":60}}}},"statementMap":{"1":{"start":{"line":11,"column":8},"end":{"line":11,"column":47}},"2":{"start":{"line":14,"column":8},"end":{"line":14,"column":39}},"3":{"start":{"line":17,"column":8},"end":{"line":17,"column":39}}},"branchMap":{}},"contracts/mocks/MockERC20.sol":{"l":{"17":92,"18":92},"path":"/home/jonjon/code/daocare/app/contracts/contracts/mocks/MockERC20.sol","s":{"1":92,"2":92},"b":{},"f":{"1":92},"fnMap":{"1":{"name":"constructor","line":11,"loc":{"start":{"line":11,"column":2},"end":{"line":16,"column":12}}}},"statementMap":{"1":{"start":{"line":17,"column":4},"end":{"line":17,"column":51}},"2":{"start":{"line":18,"column":4},"end":{"line":18,"column":35}}},"branchMap":{}},"contracts/NoLossDao_v0.sol":{"l":{"73":17,"74":11,"78":41,"82":37,"86":55,"90":39,"94":17,"98":13,"102":47,"106":45,"110":60,"111":58,"115":57,"116":49,"120":19,"124":11,"131":27,"135":25,"139":13,"143":5,"146":83,"147":59,"151":9,"155":3,"159":125,"163":121,"173":46,"174":46,"175":46,"176":46,"186":1,"192":1,"212":52,"213":52,"226":6,"227":6,"238":38,"240":38,"241":38,"242":38,"243":38,"244":38,"245":38,"260":5,"261":5,"262":5,"279":8,"280":8,"295":20,"296":20,"311":5,"312":5,"324":25,"325":25,"329":25,"333":25,"336":23,"358":59,"360":33,"363":3,"367":59,"368":59,"370":11,"371":10,"373":11,"374":11,"375":11,"378":59,"379":59,"388":59,"397":3},"path":"/home/jonjon/code/daocare/app/contracts/contracts/NoLossDao_v0.sol","s":{"1":17,"2":41,"3":55,"4":17,"5":47,"6":60,"7":57,"8":19,"9":27,"10":13,"11":83,"12":9,"13":125,"14":46,"15":46,"16":46,"17":46,"18":1,"19":1,"20":52,"21":52,"22":6,"23":6,"24":38,"25":38,"26":38,"27":38,"28":38,"29":38,"30":38,"31":5,"32":5,"33":5,"34":8,"35":8,"36":20,"37":20,"38":5,"39":5,"40":25,"41":25,"42":25,"43":25,"44":23,"45":59,"46":33,"47":3,"48":59,"49":59,"50":11,"51":10,"52":11,"53":11,"54":11,"55":59,"56":59,"57":59,"58":3},"b":{"1":[11,6],"2":[37,4],"3":[39,16],"4":[13,4],"5":[45,2],"6":[58,2],"7":[49,8],"8":[11,8],"9":[25,2],"10":[5,8],"11":[59,24],"12":[3,6],"13":[121,4],"14":[23,2],"15":[33,26],"16":[3,30],"17":[11,48],"18":[10,1]},"f":{"1":17,"2":41,"3":55,"4":17,"5":47,"6":60,"7":57,"8":19,"9":27,"10":13,"11":83,"12":9,"13":125,"14":46,"15":1,"16":1,"17":52,"18":6,"19":38,"20":5,"21":8,"22":20,"23":5,"24":25,"25":59,"26":3},"fnMap":{"1":{"name":"onlyAdmin","line":72,"loc":{"start":{"line":72,"column":2},"end":{"line":72,"column":22}}},"2":{"name":"userStaked","line":77,"loc":{"start":{"line":77,"column":2},"end":{"line":77,"column":43}}},"3":{"name":"noVoteYet","line":85,"loc":{"start":{"line":85,"column":2},"end":{"line":85,"column":42}}},"4":{"name":"userHasActiveProposal","line":93,"loc":{"start":{"line":93,"column":2},"end":{"line":93,"column":54}}},"5":{"name":"userHasNoActiveProposal","line":101,"loc":{"start":{"line":101,"column":2},"end":{"line":101,"column":56}}},"6":{"name":"userHasNoProposal","line":109,"loc":{"start":{"line":109,"column":2},"end":{"line":109,"column":50}}},"7":{"name":"proposalActive","line":114,"loc":{"start":{"line":114,"column":2},"end":{"line":114,"column":41}}},"8":{"name":"proxyRight","line":119,"loc":{"start":{"line":119,"column":2},"end":{"line":119,"column":44}}},"9":{"name":"joinedInTime","line":130,"loc":{"start":{"line":130,"column":2},"end":{"line":130,"column":45}}},"10":{"name":"lockInFulfilled","line":138,"loc":{"start":{"line":138,"column":2},"end":{"line":138,"column":48}}},"11":{"name":"iterationElapsed","line":145,"loc":{"start":{"line":145,"column":2},"end":{"line":145,"column":29}}},"12":{"name":"iterationMostlyElapsed","line":150,"loc":{"start":{"line":150,"column":2},"end":{"line":150,"column":35}}},"13":{"name":"depositContractOnly","line":158,"loc":{"start":{"line":158,"column":2},"end":{"line":158,"column":32}}},"14":{"name":"initialize","line":169,"loc":{"start":{"line":169,"column":2},"end":{"line":172,"column":3}}},"15":{"name":"changeVotingInterval","line":185,"loc":{"start":{"line":185,"column":2},"end":{"line":185,"column":69}}},"16":{"name":"changeProposalStakingAmount","line":191,"loc":{"start":{"line":191,"column":2},"end":{"line":191,"column":71}}},"17":{"name":"noLossDeposit","line":206,"loc":{"start":{"line":206,"column":2},"end":{"line":211,"column":3}}},"18":{"name":"noLossWithdraw","line":219,"loc":{"start":{"line":219,"column":2},"end":{"line":225,"column":3}}},"19":{"name":"noLossCreateProposal","line":234,"loc":{"start":{"line":234,"column":2},"end":{"line":237,"column":66}}},"20":{"name":"noLossWithdrawProposal","line":253,"loc":{"start":{"line":253,"column":2},"end":{"line":259,"column":3}}},"21":{"name":"delegateVoting","line":273,"loc":{"start":{"line":273,"column":2},"end":{"line":278,"column":3}}},"22":{"name":"voteDirect","line":285,"loc":{"start":{"line":285,"column":2},"end":{"line":294,"column":3}}},"23":{"name":"voteProxy","line":302,"loc":{"start":{"line":302,"column":2},"end":{"line":310,"column":3}}},"24":{"name":"_vote","line":323,"loc":{"start":{"line":323,"column":2},"end":{"line":323,"column":75}}},"25":{"name":"distributeFunds","line":347,"loc":{"start":{"line":347,"column":2},"end":{"line":347,"column":54}}},"26":{"name":"daoCareFunding","line":392,"loc":{"start":{"line":392,"column":2},"end":{"line":396,"column":3}}}},"statementMap":{"1":{"start":{"line":73,"column":4},"end":{"line":73,"column":44}},"2":{"start":{"line":78,"column":4},"end":{"line":78,"column":2667}},"3":{"start":{"line":86,"column":4},"end":{"line":86,"column":2824}},"4":{"start":{"line":94,"column":4},"end":{"line":94,"column":3022}},"5":{"start":{"line":102,"column":4},"end":{"line":102,"column":3222}},"6":{"start":{"line":110,"column":4},"end":{"line":110,"column":73}},"7":{"start":{"line":115,"column":4},"end":{"line":115,"column":75}},"8":{"start":{"line":120,"column":4},"end":{"line":120,"column":3684}},"9":{"start":{"line":131,"column":4},"end":{"line":131,"column":4120}},"10":{"start":{"line":139,"column":4},"end":{"line":139,"column":4310}},"11":{"start":{"line":146,"column":4},"end":{"line":146,"column":66}},"12":{"start":{"line":151,"column":4},"end":{"line":151,"column":4622}},"13":{"start":{"line":159,"column":4},"end":{"line":159,"column":4799}},"14":{"start":{"line":173,"column":4},"end":{"line":173,"column":58}},"15":{"start":{"line":174,"column":4},"end":{"line":174,"column":21}},"16":{"start":{"line":175,"column":4},"end":{"line":175,"column":35}},"17":{"start":{"line":176,"column":4},"end":{"line":176,"column":46}},"18":{"start":{"line":186,"column":4},"end":{"line":186,"column":31}},"19":{"start":{"line":192,"column":4},"end":{"line":192,"column":47}},"20":{"start":{"line":212,"column":4},"end":{"line":212,"column":51}},"21":{"start":{"line":213,"column":4},"end":{"line":213,"column":15}},"22":{"start":{"line":226,"column":4},"end":{"line":226,"column":35}},"23":{"start":{"line":227,"column":4},"end":{"line":227,"column":15}},"24":{"start":{"line":238,"column":4},"end":{"line":238,"column":33}},"25":{"start":{"line":240,"column":4},"end":{"line":240,"column":45}},"26":{"start":{"line":241,"column":4},"end":{"line":241,"column":48}},"27":{"start":{"line":242,"column":4},"end":{"line":242,"column":54}},"28":{"start":{"line":243,"column":4},"end":{"line":243,"column":43}},"29":{"start":{"line":244,"column":4},"end":{"line":244,"column":57}},"30":{"start":{"line":245,"column":4},"end":{"line":245,"column":21}},"31":{"start":{"line":260,"column":4},"end":{"line":260,"column":41}},"32":{"start":{"line":261,"column":4},"end":{"line":261,"column":74}},"33":{"start":{"line":262,"column":4},"end":{"line":262,"column":15}},"34":{"start":{"line":279,"column":4},"end":{"line":279,"column":49}},"35":{"start":{"line":280,"column":4},"end":{"line":280,"column":52}},"36":{"start":{"line":295,"column":4},"end":{"line":295,"column":41}},"37":{"start":{"line":296,"column":4},"end":{"line":296,"column":72}},"38":{"start":{"line":311,"column":4},"end":{"line":311,"column":44}},"39":{"start":{"line":312,"column":4},"end":{"line":312,"column":10789}},"40":{"start":{"line":324,"column":4},"end":{"line":324,"column":78}},"41":{"start":{"line":325,"column":4},"end":{"line":325,"column":11332}},"42":{"start":{"line":329,"column":6},"end":{"line":329,"column":11523}},"43":{"start":{"line":333,"column":4},"end":{"line":333,"column":11635}},"44":{"start":{"line":336,"column":6},"end":{"line":336,"column":56}},"45":{"start":{"line":358,"column":4},"end":{"line":358,"column":12905}},"46":{"start":{"line":360,"column":6},"end":{"line":360,"column":13034}},"47":{"start":{"line":363,"column":8},"end":{"line":363,"column":73}},"48":{"start":{"line":367,"column":4},"end":{"line":367,"column":63}},"49":{"start":{"line":368,"column":4},"end":{"line":368,"column":13285}},"50":{"start":{"line":370,"column":6},"end":{"line":370,"column":13375}},"51":{"start":{"line":371,"column":8},"end":{"line":371,"column":58}},"52":{"start":{"line":373,"column":6},"end":{"line":373,"column":57}},"53":{"start":{"line":374,"column":6},"end":{"line":374,"column":59}},"54":{"start":{"line":375,"column":6},"end":{"line":375,"column":74}},"55":{"start":{"line":378,"column":4},"end":{"line":378,"column":45}},"56":{"start":{"line":379,"column":4},"end":{"line":379,"column":47}},"57":{"start":{"line":388,"column":4},"end":{"line":388,"column":61}},"58":{"start":{"line":397,"column":4},"end":{"line":397,"column":61}}},"branchMap":{"1":{"line":73,"type":"if","locations":[{"start":{"line":73,"column":4},"end":{"line":73,"column":4}},{"start":{"line":73,"column":4},"end":{"line":73,"column":4}}]},"2":{"line":78,"type":"if","locations":[{"start":{"line":78,"column":4},"end":{"line":78,"column":4}},{"start":{"line":78,"column":4},"end":{"line":78,"column":4}}]},"3":{"line":86,"type":"if","locations":[{"start":{"line":86,"column":4},"end":{"line":86,"column":4}},{"start":{"line":86,"column":4},"end":{"line":86,"column":4}}]},"4":{"line":94,"type":"if","locations":[{"start":{"line":94,"column":4},"end":{"line":94,"column":4}},{"start":{"line":94,"column":4},"end":{"line":94,"column":4}}]},"5":{"line":102,"type":"if","locations":[{"start":{"line":102,"column":4},"end":{"line":102,"column":4}},{"start":{"line":102,"column":4},"end":{"line":102,"column":4}}]},"6":{"line":110,"type":"if","locations":[{"start":{"line":110,"column":4},"end":{"line":110,"column":4}},{"start":{"line":110,"column":4},"end":{"line":110,"column":4}}]},"7":{"line":115,"type":"if","locations":[{"start":{"line":115,"column":4},"end":{"line":115,"column":4}},{"start":{"line":115,"column":4},"end":{"line":115,"column":4}}]},"8":{"line":120,"type":"if","locations":[{"start":{"line":120,"column":4},"end":{"line":120,"column":4}},{"start":{"line":120,"column":4},"end":{"line":120,"column":4}}]},"9":{"line":131,"type":"if","locations":[{"start":{"line":131,"column":4},"end":{"line":131,"column":4}},{"start":{"line":131,"column":4},"end":{"line":131,"column":4}}]},"10":{"line":139,"type":"if","locations":[{"start":{"line":139,"column":4},"end":{"line":139,"column":4}},{"start":{"line":139,"column":4},"end":{"line":139,"column":4}}]},"11":{"line":146,"type":"if","locations":[{"start":{"line":146,"column":4},"end":{"line":146,"column":4}},{"start":{"line":146,"column":4},"end":{"line":146,"column":4}}]},"12":{"line":151,"type":"if","locations":[{"start":{"line":151,"column":4},"end":{"line":151,"column":4}},{"start":{"line":151,"column":4},"end":{"line":151,"column":4}}]},"13":{"line":159,"type":"if","locations":[{"start":{"line":159,"column":4},"end":{"line":159,"column":4}},{"start":{"line":159,"column":4},"end":{"line":159,"column":4}}]},"14":{"line":333,"type":"if","locations":[{"start":{"line":333,"column":4},"end":{"line":333,"column":4}},{"start":{"line":333,"column":4},"end":{"line":333,"column":4}}]},"15":{"line":358,"type":"if","locations":[{"start":{"line":358,"column":4},"end":{"line":358,"column":4}},{"start":{"line":358,"column":4},"end":{"line":358,"column":4}}]},"16":{"line":360,"type":"if","locations":[{"start":{"line":360,"column":6},"end":{"line":360,"column":6}},{"start":{"line":360,"column":6},"end":{"line":360,"column":6}}]},"17":{"line":368,"type":"if","locations":[{"start":{"line":368,"column":4},"end":{"line":368,"column":4}},{"start":{"line":368,"column":4},"end":{"line":368,"column":4}}]},"18":{"line":370,"type":"if","locations":[{"start":{"line":370,"column":6},"end":{"line":370,"column":6}},{"start":{"line":370,"column":6},"end":{"line":370,"column":6}}]}}},"contracts/PoolDeposits.sol":{"l":{"61":9,"65":5,"69":3,"72":16,"73":14,"76":94,"77":90,"80":9,"81":5,"85":14,"89":10,"97":17,"101":15,"105":102,"109":98,"113":98,"117":94,"121":108,"122":102,"126":41,"127":39,"143":46,"144":46,"145":46,"146":46,"147":46,"148":46,"149":46,"155":1,"161":90,"162":90,"164":90,"165":90,"166":90,"168":90,"169":90,"170":90,"175":36,"176":36,"178":36,"179":36,"181":36,"182":36,"194":52,"195":52,"196":52,"203":14,"204":14,"205":6,"218":38,"219":38,"223":38,"224":38,"229":17,"230":17,"231":5,"240":14,"249":3,"250":3,"260":5,"261":5,"272":10,"273":10,"274":10,"279":36,"280":36,"281":36,"282":4,"283":4},"path":"/home/jonjon/code/daocare/app/contracts/contracts/PoolDeposits.sol","s":{"1":9,"2":5,"3":16,"4":94,"5":9,"6":14,"7":17,"8":102,"9":98,"10":108,"11":41,"12":46,"13":46,"14":46,"15":46,"16":46,"17":46,"18":46,"19":1,"20":90,"21":90,"22":90,"23":90,"24":90,"25":90,"26":90,"27":90,"28":36,"29":36,"30":36,"31":36,"32":36,"33":36,"34":52,"35":52,"36":52,"37":14,"38":14,"39":6,"40":38,"41":38,"42":38,"43":38,"44":17,"45":17,"46":5,"47":14,"48":3,"49":3,"50":5,"51":5,"52":10,"53":10,"54":10,"55":36,"56":36,"57":36,"58":4,"59":4},"b":{"1":[5,4],"2":[3,2],"3":[14,2],"4":[90,4],"5":[5,4],"6":[10,4],"7":[15,2],"8":[98,4],"9":[94,4],"10":[102,6],"11":[39,2],"12":[4,32]},"f":{"1":9,"2":16,"3":94,"4":9,"5":14,"6":17,"7":102,"8":98,"9":108,"10":41,"11":46,"12":1,"13":90,"14":36,"15":52,"16":14,"17":38,"18":17,"19":14,"20":3,"21":5,"22":10,"23":36},"fnMap":{"1":{"name":"emergencyEnacted","line":60,"loc":{"start":{"line":60,"column":2},"end":{"line":60,"column":29}}},"2":{"name":"noEmergencyVoteYet","line":71,"loc":{"start":{"line":71,"column":2},"end":{"line":71,"column":31}}},"3":{"name":"stableState","line":75,"loc":{"start":{"line":75,"column":2},"end":{"line":75,"column":24}}},"4":{"name":"emergencyState","line":79,"loc":{"start":{"line":79,"column":2},"end":{"line":79,"column":27}}},"5":{"name":"eligibleToEmergencyVote","line":84,"loc":{"start":{"line":84,"column":2},"end":{"line":84,"column":36}}},"6":{"name":"noLossDaoContractOnly","line":96,"loc":{"start":{"line":96,"column":2},"end":{"line":96,"column":34}}},"7":{"name":"allowanceAvailable","line":104,"loc":{"start":{"line":104,"column":2},"end":{"line":104,"column":45}}},"8":{"name":"requiredDai","line":112,"loc":{"start":{"line":112,"column":2},"end":{"line":112,"column":38}}},"9":{"name":"blankUser","line":120,"loc":{"start":{"line":120,"column":2},"end":{"line":120,"column":22}}},"10":{"name":"userStaked","line":125,"loc":{"start":{"line":125,"column":2},"end":{"line":125,"column":23}}},"11":{"name":"constructor","line":133,"loc":{"start":{"line":133,"column":2},"end":{"line":142,"column":12}}},"12":{"name":"changeProposalAmount","line":154,"loc":{"start":{"line":154,"column":2},"end":{"line":154,"column":77}}},"13":{"name":"_depositFunds","line":160,"loc":{"start":{"line":160,"column":2},"end":{"line":160,"column":49}}},"14":{"name":"_withdrawFunds","line":174,"loc":{"start":{"line":174,"column":2},"end":{"line":174,"column":36}}},"15":{"name":"deposit","line":187,"loc":{"start":{"line":187,"column":2},"end":{"line":193,"column":3}}},"16":{"name":"withdrawDeposit","line":202,"loc":{"start":{"line":202,"column":2},"end":{"line":202,"column":48}}},"17":{"name":"createProposal","line":210,"loc":{"start":{"line":210,"column":2},"end":{"line":217,"column":3}}},"18":{"name":"withdrawProposal","line":228,"loc":{"start":{"line":228,"column":2},"end":{"line":228,"column":38}}},"19":{"name":"redirectInterestStreamToWinner","line":236,"loc":{"start":{"line":236,"column":2},"end":{"line":239,"column":3}}},"20":{"name":"declareStateOfEmergency","line":248,"loc":{"start":{"line":248,"column":2},"end":{"line":248,"column":62}}},"21":{"name":"emergencyWithdraw","line":259,"loc":{"start":{"line":259,"column":2},"end":{"line":259,"column":65}}},"22":{"name":"voteEmergency","line":266,"loc":{"start":{"line":266,"column":2},"end":{"line":271,"column":3}}},"23":{"name":"_removeEmergencyVote","line":278,"loc":{"start":{"line":278,"column":2},"end":{"line":278,"column":42}}}},"statementMap":{"1":{"start":{"line":61,"column":4},"end":{"line":61,"column":2126}},"2":{"start":{"line":65,"column":4},"end":{"line":65,"column":2277}},"3":{"start":{"line":72,"column":4},"end":{"line":72,"column":78}},"4":{"start":{"line":76,"column":4},"end":{"line":76,"column":68}},"5":{"start":{"line":80,"column":4},"end":{"line":80,"column":71}},"6":{"start":{"line":85,"column":4},"end":{"line":85,"column":2966}},"7":{"start":{"line":97,"column":4},"end":{"line":97,"column":3337}},"8":{"start":{"line":105,"column":4},"end":{"line":105,"column":3572}},"9":{"start":{"line":113,"column":4},"end":{"line":113,"column":3779}},"10":{"start":{"line":121,"column":4},"end":{"line":121,"column":69}},"11":{"start":{"line":126,"column":4},"end":{"line":126,"column":61}},"12":{"start":{"line":143,"column":4},"end":{"line":143,"column":35}},"13":{"start":{"line":144,"column":4},"end":{"line":144,"column":71}},"14":{"start":{"line":145,"column":4},"end":{"line":145,"column":36}},"15":{"start":{"line":146,"column":4},"end":{"line":146,"column":51}},"16":{"start":{"line":147,"column":4},"end":{"line":147,"column":21}},"17":{"start":{"line":148,"column":4},"end":{"line":148,"column":35}},"18":{"start":{"line":149,"column":4},"end":{"line":149,"column":27}},"19":{"start":{"line":155,"column":4},"end":{"line":155,"column":26}},"20":{"start":{"line":161,"column":4},"end":{"line":161,"column":68}},"21":{"start":{"line":162,"column":4},"end":{"line":162,"column":58}},"22":{"start":{"line":164,"column":4},"end":{"line":164,"column":62}},"23":{"start":{"line":165,"column":4},"end":{"line":165,"column":55}},"24":{"start":{"line":166,"column":4},"end":{"line":166,"column":64}},"25":{"start":{"line":168,"column":4},"end":{"line":168,"column":31}},"26":{"start":{"line":169,"column":4},"end":{"line":169,"column":36}},"27":{"start":{"line":170,"column":4},"end":{"line":170,"column":52}},"28":{"start":{"line":175,"column":4},"end":{"line":175,"column":45}},"29":{"start":{"line":176,"column":4},"end":{"line":176,"column":25}},"30":{"start":{"line":178,"column":4},"end":{"line":178,"column":31}},"31":{"start":{"line":179,"column":4},"end":{"line":179,"column":52}},"32":{"start":{"line":181,"column":4},"end":{"line":181,"column":30}},"33":{"start":{"line":182,"column":4},"end":{"line":182,"column":43}},"34":{"start":{"line":194,"column":4},"end":{"line":194,"column":24}},"35":{"start":{"line":195,"column":4},"end":{"line":195,"column":46}},"36":{"start":{"line":196,"column":4},"end":{"line":196,"column":41}},"37":{"start":{"line":203,"column":4},"end":{"line":203,"column":19}},"38":{"start":{"line":204,"column":4},"end":{"line":204,"column":47}},"39":{"start":{"line":205,"column":4},"end":{"line":205,"column":37}},"40":{"start":{"line":218,"column":4},"end":{"line":218,"column":32}},"41":{"start":{"line":219,"column":4},"end":{"line":219,"column":7313}},"42":{"start":{"line":223,"column":4},"end":{"line":223,"column":60}},"43":{"start":{"line":224,"column":4},"end":{"line":224,"column":21}},"44":{"start":{"line":229,"column":4},"end":{"line":229,"column":19}},"45":{"start":{"line":230,"column":4},"end":{"line":230,"column":55}},"46":{"start":{"line":231,"column":4},"end":{"line":231,"column":38}},"47":{"start":{"line":240,"column":4},"end":{"line":240,"column":47}},"48":{"start":{"line":249,"column":4},"end":{"line":249,"column":26}},"49":{"start":{"line":250,"column":4},"end":{"line":250,"column":8395}},"50":{"start":{"line":260,"column":4},"end":{"line":260,"column":19}},"51":{"start":{"line":261,"column":4},"end":{"line":261,"column":39}},"52":{"start":{"line":272,"column":4},"end":{"line":272,"column":36}},"53":{"start":{"line":273,"column":4},"end":{"line":273,"column":74}},"54":{"start":{"line":274,"column":4},"end":{"line":274,"column":60}},"55":{"start":{"line":279,"column":4},"end":{"line":279,"column":44}},"56":{"start":{"line":280,"column":4},"end":{"line":280,"column":37}},"57":{"start":{"line":281,"column":4},"end":{"line":281,"column":9373}},"58":{"start":{"line":282,"column":6},"end":{"line":282,"column":76}},"59":{"start":{"line":283,"column":6},"end":{"line":283,"column":68}}},"branchMap":{"1":{"line":61,"type":"if","locations":[{"start":{"line":61,"column":4},"end":{"line":61,"column":4}},{"start":{"line":61,"column":4},"end":{"line":61,"column":4}}]},"2":{"line":65,"type":"if","locations":[{"start":{"line":65,"column":4},"end":{"line":65,"column":4}},{"start":{"line":65,"column":4},"end":{"line":65,"column":4}}]},"3":{"line":72,"type":"if","locations":[{"start":{"line":72,"column":4},"end":{"line":72,"column":4}},{"start":{"line":72,"column":4},"end":{"line":72,"column":4}}]},"4":{"line":76,"type":"if","locations":[{"start":{"line":76,"column":4},"end":{"line":76,"column":4}},{"start":{"line":76,"column":4},"end":{"line":76,"column":4}}]},"5":{"line":80,"type":"if","locations":[{"start":{"line":80,"column":4},"end":{"line":80,"column":4}},{"start":{"line":80,"column":4},"end":{"line":80,"column":4}}]},"6":{"line":85,"type":"if","locations":[{"start":{"line":85,"column":4},"end":{"line":85,"column":4}},{"start":{"line":85,"column":4},"end":{"line":85,"column":4}}]},"7":{"line":97,"type":"if","locations":[{"start":{"line":97,"column":4},"end":{"line":97,"column":4}},{"start":{"line":97,"column":4},"end":{"line":97,"column":4}}]},"8":{"line":105,"type":"if","locations":[{"start":{"line":105,"column":4},"end":{"line":105,"column":4}},{"start":{"line":105,"column":4},"end":{"line":105,"column":4}}]},"9":{"line":113,"type":"if","locations":[{"start":{"line":113,"column":4},"end":{"line":113,"column":4}},{"start":{"line":113,"column":4},"end":{"line":113,"column":4}}]},"10":{"line":121,"type":"if","locations":[{"start":{"line":121,"column":4},"end":{"line":121,"column":4}},{"start":{"line":121,"column":4},"end":{"line":121,"column":4}}]},"11":{"line":126,"type":"if","locations":[{"start":{"line":126,"column":4},"end":{"line":126,"column":4}},{"start":{"line":126,"column":4},"end":{"line":126,"column":4}}]},"12":{"line":281,"type":"if","locations":[{"start":{"line":281,"column":4},"end":{"line":281,"column":4}},{"start":{"line":281,"column":4},"end":{"line":281,"column":4}}]}}}}