{"contracts/interfaces/IAaveLendingPool.sol":{"l":{},"path":"/home/jonjon/code/daocare/app/contracts/contracts/interfaces/IAaveLendingPool.sol","s":{},"b":{},"f":{},"fnMap":{},"statementMap":{},"branchMap":{}},"contracts/interfaces/IADai.sol":{"l":{},"path":"/home/jonjon/code/daocare/app/contracts/contracts/interfaces/IADai.sol","s":{},"b":{},"f":{},"fnMap":{},"statementMap":{},"branchMap":{}},"contracts/interfaces/ILendingPoolAddressesProvider.sol":{"l":{},"path":"/home/jonjon/code/daocare/app/contracts/contracts/interfaces/ILendingPoolAddressesProvider.sol","s":{},"b":{},"f":{},"fnMap":{},"statementMap":{},"branchMap":{}},"contracts/interfaces/INoLossDao.sol":{"l":{},"path":"/home/jonjon/code/daocare/app/contracts/contracts/interfaces/INoLossDao.sol","s":{},"b":{},"f":{},"fnMap":{},"statementMap":{},"branchMap":{}},"contracts/interfaces/IPoolDeposits.sol":{"l":{},"path":"/home/jonjon/code/daocare/app/contracts/contracts/interfaces/IPoolDeposits.sol","s":{},"b":{},"f":{},"fnMap":{},"statementMap":{},"branchMap":{}},"contracts/Migrations.sol":{"l":{"9":0,"13":0,"17":0,"21":0,"22":0},"path":"/home/jonjon/code/daocare/app/contracts/contracts/Migrations.sol","s":{"1":0,"2":0,"3":0,"4":0,"5":0},"b":{"1":[0,0]},"f":{"1":0,"2":0,"3":0,"4":0},"fnMap":{"1":{"name":"restricted","line":8,"loc":{"start":{"line":8,"column":2},"end":{"line":8,"column":23}}},"2":{"name":"constructor","line":12,"loc":{"start":{"line":12,"column":2},"end":{"line":12,"column":22}}},"3":{"name":"setCompleted","line":16,"loc":{"start":{"line":16,"column":2},"end":{"line":16,"column":60}}},"4":{"name":"upgrade","line":20,"loc":{"start":{"line":20,"column":2},"end":{"line":20,"column":57}}}},"statementMap":{"1":{"start":{"line":9,"column":4},"end":{"line":9,"column":30}},"2":{"start":{"line":13,"column":4},"end":{"line":13,"column":21}},"3":{"start":{"line":17,"column":4},"end":{"line":17,"column":39}},"4":{"start":{"line":21,"column":4},"end":{"line":21,"column":49}},"5":{"start":{"line":22,"column":4},"end":{"line":22,"column":50}}},"branchMap":{"1":{"line":9,"type":"if","locations":[{"start":{"line":9,"column":4},"end":{"line":9,"column":4}},{"start":{"line":9,"column":4},"end":{"line":9,"column":4}}]}}},"contracts/mocks/AaveLendingPool.sol":{"l":{"10":44},"path":"/home/jonjon/code/daocare/app/contracts/contracts/mocks/AaveLendingPool.sol","s":{"1":44},"b":{},"f":{"1":44,"2":86},"fnMap":{"1":{"name":"constructor","line":9,"loc":{"start":{"line":9,"column":2},"end":{"line":9,"column":43}}},"2":{"name":"deposit","line":12,"loc":{"start":{"line":12,"column":2},"end":{"line":14,"column":3}}}},"statementMap":{"1":{"start":{"line":10,"column":4},"end":{"line":10,"column":21}}},"branchMap":{}},"contracts/mocks/ADai.sol":{"l":{"14":44,"17":35},"path":"/home/jonjon/code/daocare/app/contracts/contracts/mocks/ADai.sol","s":{"1":44,"2":35},"b":{},"f":{"1":44,"2":35,"3":13},"fnMap":{"1":{"name":"constructor","line":10,"loc":{"start":{"line":10,"column":2},"end":{"line":13,"column":3}}},"2":{"name":"redeem","line":16,"loc":{"start":{"line":16,"column":2},"end":{"line":16,"column":41}}},"3":{"name":"redirectInterestStream","line":19,"loc":{"start":{"line":19,"column":2},"end":{"line":19,"column":53}}}},"statementMap":{"1":{"start":{"line":14,"column":4},"end":{"line":14,"column":19}},"2":{"start":{"line":17,"column":4},"end":{"line":17,"column":32}}},"branchMap":{}},"contracts/mocks/MockERC20.sol":{"l":{"17":88,"18":88},"path":"/home/jonjon/code/daocare/app/contracts/contracts/mocks/MockERC20.sol","s":{"1":88,"2":88},"b":{},"f":{"1":88},"fnMap":{"1":{"name":"constructor","line":11,"loc":{"start":{"line":11,"column":2},"end":{"line":16,"column":12}}}},"statementMap":{"1":{"start":{"line":17,"column":4},"end":{"line":17,"column":51}},"2":{"start":{"line":18,"column":4},"end":{"line":18,"column":35}}},"branchMap":{}},"contracts/NoLossDao_v0.sol":{"l":{"69":14,"70":10,"74":40,"78":36,"83":54,"87":38,"91":16,"95":12,"99":46,"103":44,"107":59,"108":57,"112":56,"113":48,"117":19,"121":11,"128":26,"132":24,"136":12,"140":4,"143":77,"144":53,"157":9,"161":3,"165":120,"169":116,"179":44,"180":44,"181":44,"182":44,"192":1,"211":51,"212":51,"225":6,"226":6,"237":35,"239":35,"240":35,"241":35,"242":35,"243":35,"244":35,"259":4,"260":4,"261":4,"278":8,"279":8,"294":19,"295":19,"310":5,"311":5,"323":24,"324":24,"328":24,"332":24,"335":22,"351":53,"357":53,"361":10,"364":2,"367":10,"368":9,"370":10,"371":10,"372":10,"379":53,"380":53,"381":53,"389":53,"398":3},"path":"/home/jonjon/code/daocare/app/contracts/contracts/NoLossDao_v0.sol","s":{"1":14,"2":40,"3":54,"4":16,"5":46,"6":59,"7":56,"8":19,"9":26,"10":12,"11":77,"12":9,"13":120,"14":44,"15":44,"16":44,"17":44,"18":1,"19":51,"20":51,"21":6,"22":6,"23":35,"24":35,"25":35,"26":35,"27":35,"28":35,"29":35,"30":4,"31":4,"32":4,"33":8,"34":8,"35":19,"36":19,"37":5,"38":5,"39":24,"40":24,"41":24,"42":24,"43":22,"44":53,"45":53,"46":10,"47":2,"48":10,"49":9,"50":10,"51":10,"52":10,"53":53,"54":53,"55":53,"56":53,"57":3},"b":{"1":[10,4],"2":[36,4],"3":[38,16],"4":[12,4],"5":[44,2],"6":[57,2],"7":[48,8],"8":[11,8],"9":[24,2],"10":[4,8],"11":[53,24],"12":[3,6],"13":[116,4],"14":[22,2],"15":[10,43],"16":[2,8],"17":[9,1]},"f":{"1":14,"2":40,"3":54,"4":16,"5":46,"6":59,"7":56,"8":19,"9":26,"10":12,"11":77,"12":9,"13":120,"14":44,"15":1,"16":51,"17":6,"18":35,"19":4,"20":8,"21":19,"22":5,"23":24,"24":53,"25":3},"fnMap":{"1":{"name":"onlyAdmin","line":68,"loc":{"start":{"line":68,"column":2},"end":{"line":68,"column":22}}},"2":{"name":"userStaked","line":73,"loc":{"start":{"line":73,"column":2},"end":{"line":73,"column":43}}},"3":{"name":"noVoteYet","line":82,"loc":{"start":{"line":82,"column":2},"end":{"line":82,"column":42}}},"4":{"name":"userHasActiveProposal","line":90,"loc":{"start":{"line":90,"column":2},"end":{"line":90,"column":54}}},"5":{"name":"userHasNoActiveProposal","line":98,"loc":{"start":{"line":98,"column":2},"end":{"line":98,"column":56}}},"6":{"name":"userHasNoProposal","line":106,"loc":{"start":{"line":106,"column":2},"end":{"line":106,"column":50}}},"7":{"name":"proposalActive","line":111,"loc":{"start":{"line":111,"column":2},"end":{"line":111,"column":41}}},"8":{"name":"proxyRight","line":116,"loc":{"start":{"line":116,"column":2},"end":{"line":116,"column":44}}},"9":{"name":"joinedInTime","line":127,"loc":{"start":{"line":127,"column":2},"end":{"line":127,"column":45}}},"10":{"name":"lockInFulfilled","line":135,"loc":{"start":{"line":135,"column":2},"end":{"line":135,"column":48}}},"11":{"name":"iterationElapsed","line":142,"loc":{"start":{"line":142,"column":2},"end":{"line":142,"column":29}}},"12":{"name":"iterationMostlyElapsed","line":156,"loc":{"start":{"line":156,"column":2},"end":{"line":156,"column":35}}},"13":{"name":"depositContractOnly","line":164,"loc":{"start":{"line":164,"column":2},"end":{"line":164,"column":32}}},"14":{"name":"initialize","line":175,"loc":{"start":{"line":175,"column":2},"end":{"line":178,"column":3}}},"15":{"name":"changeVotingInterval","line":191,"loc":{"start":{"line":191,"column":2},"end":{"line":191,"column":69}}},"16":{"name":"noLossDeposit","line":205,"loc":{"start":{"line":205,"column":2},"end":{"line":210,"column":3}}},"17":{"name":"noLossWithdraw","line":218,"loc":{"start":{"line":218,"column":2},"end":{"line":224,"column":3}}},"18":{"name":"noLossCreateProposal","line":233,"loc":{"start":{"line":233,"column":2},"end":{"line":236,"column":66}}},"19":{"name":"noLossWithdrawProposal","line":252,"loc":{"start":{"line":252,"column":2},"end":{"line":258,"column":3}}},"20":{"name":"delegateVoting","line":272,"loc":{"start":{"line":272,"column":2},"end":{"line":277,"column":3}}},"21":{"name":"voteDirect","line":284,"loc":{"start":{"line":284,"column":2},"end":{"line":293,"column":3}}},"22":{"name":"voteProxy","line":301,"loc":{"start":{"line":301,"column":2},"end":{"line":309,"column":3}}},"23":{"name":"_vote","line":322,"loc":{"start":{"line":322,"column":2},"end":{"line":322,"column":75}}},"24":{"name":"distributeFunds","line":346,"loc":{"start":{"line":346,"column":2},"end":{"line":346,"column":54}}},"25":{"name":"daoCareFunding","line":393,"loc":{"start":{"line":393,"column":2},"end":{"line":397,"column":3}}}},"statementMap":{"1":{"start":{"line":69,"column":4},"end":{"line":69,"column":44}},"2":{"start":{"line":74,"column":4},"end":{"line":74,"column":2619}},"3":{"start":{"line":83,"column":4},"end":{"line":83,"column":2777}},"4":{"start":{"line":91,"column":4},"end":{"line":91,"column":2975}},"5":{"start":{"line":99,"column":4},"end":{"line":99,"column":3175}},"6":{"start":{"line":107,"column":4},"end":{"line":107,"column":73}},"7":{"start":{"line":112,"column":4},"end":{"line":112,"column":75}},"8":{"start":{"line":117,"column":4},"end":{"line":117,"column":3637}},"9":{"start":{"line":128,"column":4},"end":{"line":128,"column":4073}},"10":{"start":{"line":136,"column":4},"end":{"line":136,"column":4263}},"11":{"start":{"line":143,"column":4},"end":{"line":143,"column":66}},"12":{"start":{"line":157,"column":4},"end":{"line":157,"column":4814}},"13":{"start":{"line":165,"column":4},"end":{"line":165,"column":4991}},"14":{"start":{"line":179,"column":4},"end":{"line":179,"column":58}},"15":{"start":{"line":180,"column":4},"end":{"line":180,"column":21}},"16":{"start":{"line":181,"column":4},"end":{"line":181,"column":35}},"17":{"start":{"line":182,"column":4},"end":{"line":182,"column":46}},"18":{"start":{"line":192,"column":4},"end":{"line":192,"column":31}},"19":{"start":{"line":211,"column":4},"end":{"line":211,"column":51}},"20":{"start":{"line":212,"column":4},"end":{"line":212,"column":15}},"21":{"start":{"line":225,"column":4},"end":{"line":225,"column":35}},"22":{"start":{"line":226,"column":4},"end":{"line":226,"column":15}},"23":{"start":{"line":237,"column":4},"end":{"line":237,"column":33}},"24":{"start":{"line":239,"column":4},"end":{"line":239,"column":45}},"25":{"start":{"line":240,"column":4},"end":{"line":240,"column":48}},"26":{"start":{"line":241,"column":4},"end":{"line":241,"column":54}},"27":{"start":{"line":242,"column":4},"end":{"line":242,"column":43}},"28":{"start":{"line":243,"column":4},"end":{"line":243,"column":57}},"29":{"start":{"line":244,"column":4},"end":{"line":244,"column":21}},"30":{"start":{"line":259,"column":4},"end":{"line":259,"column":41}},"31":{"start":{"line":260,"column":4},"end":{"line":260,"column":74}},"32":{"start":{"line":261,"column":4},"end":{"line":261,"column":15}},"33":{"start":{"line":278,"column":4},"end":{"line":278,"column":49}},"34":{"start":{"line":279,"column":4},"end":{"line":279,"column":52}},"35":{"start":{"line":294,"column":4},"end":{"line":294,"column":41}},"36":{"start":{"line":295,"column":4},"end":{"line":295,"column":72}},"37":{"start":{"line":310,"column":4},"end":{"line":310,"column":44}},"38":{"start":{"line":311,"column":4},"end":{"line":311,"column":10743}},"39":{"start":{"line":323,"column":4},"end":{"line":323,"column":78}},"40":{"start":{"line":324,"column":4},"end":{"line":324,"column":11286}},"41":{"start":{"line":328,"column":6},"end":{"line":328,"column":11477}},"42":{"start":{"line":332,"column":4},"end":{"line":332,"column":11589}},"43":{"start":{"line":335,"column":6},"end":{"line":335,"column":56}},"44":{"start":{"line":351,"column":4},"end":{"line":351,"column":12688}},"45":{"start":{"line":357,"column":4},"end":{"line":357,"column":12841}},"46":{"start":{"line":361,"column":6},"end":{"line":361,"column":13028}},"47":{"start":{"line":364,"column":8},"end":{"line":364,"column":73}},"48":{"start":{"line":367,"column":6},"end":{"line":367,"column":13273}},"49":{"start":{"line":368,"column":8},"end":{"line":368,"column":68}},"50":{"start":{"line":370,"column":6},"end":{"line":370,"column":67}},"51":{"start":{"line":371,"column":6},"end":{"line":371,"column":59}},"52":{"start":{"line":372,"column":6},"end":{"line":372,"column":13608}},"53":{"start":{"line":379,"column":4},"end":{"line":379,"column":45}},"54":{"start":{"line":380,"column":4},"end":{"line":380,"column":47}},"55":{"start":{"line":381,"column":4},"end":{"line":381,"column":13826}},"56":{"start":{"line":389,"column":4},"end":{"line":389,"column":42}},"57":{"start":{"line":398,"column":4},"end":{"line":398,"column":61}}},"branchMap":{"1":{"line":69,"type":"if","locations":[{"start":{"line":69,"column":4},"end":{"line":69,"column":4}},{"start":{"line":69,"column":4},"end":{"line":69,"column":4}}]},"2":{"line":74,"type":"if","locations":[{"start":{"line":74,"column":4},"end":{"line":74,"column":4}},{"start":{"line":74,"column":4},"end":{"line":74,"column":4}}]},"3":{"line":83,"type":"if","locations":[{"start":{"line":83,"column":4},"end":{"line":83,"column":4}},{"start":{"line":83,"column":4},"end":{"line":83,"column":4}}]},"4":{"line":91,"type":"if","locations":[{"start":{"line":91,"column":4},"end":{"line":91,"column":4}},{"start":{"line":91,"column":4},"end":{"line":91,"column":4}}]},"5":{"line":99,"type":"if","locations":[{"start":{"line":99,"column":4},"end":{"line":99,"column":4}},{"start":{"line":99,"column":4},"end":{"line":99,"column":4}}]},"6":{"line":107,"type":"if","locations":[{"start":{"line":107,"column":4},"end":{"line":107,"column":4}},{"start":{"line":107,"column":4},"end":{"line":107,"column":4}}]},"7":{"line":112,"type":"if","locations":[{"start":{"line":112,"column":4},"end":{"line":112,"column":4}},{"start":{"line":112,"column":4},"end":{"line":112,"column":4}}]},"8":{"line":117,"type":"if","locations":[{"start":{"line":117,"column":4},"end":{"line":117,"column":4}},{"start":{"line":117,"column":4},"end":{"line":117,"column":4}}]},"9":{"line":128,"type":"if","locations":[{"start":{"line":128,"column":4},"end":{"line":128,"column":4}},{"start":{"line":128,"column":4},"end":{"line":128,"column":4}}]},"10":{"line":136,"type":"if","locations":[{"start":{"line":136,"column":4},"end":{"line":136,"column":4}},{"start":{"line":136,"column":4},"end":{"line":136,"column":4}}]},"11":{"line":143,"type":"if","locations":[{"start":{"line":143,"column":4},"end":{"line":143,"column":4}},{"start":{"line":143,"column":4},"end":{"line":143,"column":4}}]},"12":{"line":157,"type":"if","locations":[{"start":{"line":157,"column":4},"end":{"line":157,"column":4}},{"start":{"line":157,"column":4},"end":{"line":157,"column":4}}]},"13":{"line":165,"type":"if","locations":[{"start":{"line":165,"column":4},"end":{"line":165,"column":4}},{"start":{"line":165,"column":4},"end":{"line":165,"column":4}}]},"14":{"line":332,"type":"if","locations":[{"start":{"line":332,"column":4},"end":{"line":332,"column":4}},{"start":{"line":332,"column":4},"end":{"line":332,"column":4}}]},"15":{"line":357,"type":"if","locations":[{"start":{"line":357,"column":4},"end":{"line":357,"column":4}},{"start":{"line":357,"column":4},"end":{"line":357,"column":4}}]},"16":{"line":361,"type":"if","locations":[{"start":{"line":361,"column":6},"end":{"line":361,"column":6}},{"start":{"line":361,"column":6},"end":{"line":361,"column":6}}]},"17":{"line":367,"type":"if","locations":[{"start":{"line":367,"column":6},"end":{"line":367,"column":6}},{"start":{"line":367,"column":6},"end":{"line":367,"column":6}}]}}},"contracts/PoolDeposits.sol":{"l":{"59":9,"63":5,"67":3,"70":16,"71":14,"74":90,"75":86,"78":9,"79":5,"83":14,"87":10,"95":15,"99":13,"103":98,"107":94,"111":94,"115":90,"119":104,"120":98,"124":41,"125":39,"139":44,"141":44,"142":44,"143":44,"144":44,"145":44,"146":44,"147":44,"157":86,"158":86,"159":86,"161":86,"162":86,"163":86,"168":35,"169":35,"171":35,"172":35,"174":35,"175":35,"187":51,"188":51,"189":51,"196":14,"197":14,"198":6,"211":35,"212":35,"216":35,"217":35,"222":16,"223":16,"224":4,"233":13,"242":3,"243":3,"253":5,"254":5,"265":10,"266":10,"267":10,"272":35,"273":35,"274":35,"275":4,"276":4},"path":"/home/jonjon/code/daocare/app/contracts/contracts/PoolDeposits.sol","s":{"1":9,"2":5,"3":16,"4":90,"5":9,"6":14,"7":15,"8":98,"9":94,"10":104,"11":41,"12":44,"13":44,"14":44,"15":44,"16":44,"17":44,"18":44,"19":44,"20":86,"21":86,"22":86,"23":86,"24":86,"25":86,"26":35,"27":35,"28":35,"29":35,"30":35,"31":35,"32":51,"33":51,"34":51,"35":14,"36":14,"37":6,"38":35,"39":35,"40":35,"41":35,"42":16,"43":16,"44":4,"45":13,"46":3,"47":3,"48":5,"49":5,"50":10,"51":10,"52":10,"53":35,"54":35,"55":35,"56":4,"57":4},"b":{"1":[5,4],"2":[3,2],"3":[14,2],"4":[86,4],"5":[5,4],"6":[10,4],"7":[13,2],"8":[94,4],"9":[90,4],"10":[98,6],"11":[39,2],"12":[4,31]},"f":{"1":9,"2":16,"3":90,"4":9,"5":14,"6":15,"7":98,"8":94,"9":104,"10":41,"11":44,"12":86,"13":35,"14":51,"15":14,"16":35,"17":16,"18":13,"19":3,"20":5,"21":10,"22":35},"fnMap":{"1":{"name":"emergencyEnacted","line":58,"loc":{"start":{"line":58,"column":2},"end":{"line":58,"column":29}}},"2":{"name":"noEmergencyVoteYet","line":69,"loc":{"start":{"line":69,"column":2},"end":{"line":69,"column":31}}},"3":{"name":"stableState","line":73,"loc":{"start":{"line":73,"column":2},"end":{"line":73,"column":24}}},"4":{"name":"emergencyState","line":77,"loc":{"start":{"line":77,"column":2},"end":{"line":77,"column":27}}},"5":{"name":"eligibleToEmergencyVote","line":82,"loc":{"start":{"line":82,"column":2},"end":{"line":82,"column":36}}},"6":{"name":"noLossDaoContractOnly","line":94,"loc":{"start":{"line":94,"column":2},"end":{"line":94,"column":34}}},"7":{"name":"allowanceAvailable","line":102,"loc":{"start":{"line":102,"column":2},"end":{"line":102,"column":45}}},"8":{"name":"requiredDai","line":110,"loc":{"start":{"line":110,"column":2},"end":{"line":110,"column":38}}},"9":{"name":"blankUser","line":118,"loc":{"start":{"line":118,"column":2},"end":{"line":118,"column":22}}},"10":{"name":"userStaked","line":123,"loc":{"start":{"line":123,"column":2},"end":{"line":123,"column":23}}},"11":{"name":"constructor","line":131,"loc":{"start":{"line":131,"column":2},"end":{"line":138,"column":12}}},"12":{"name":"_depositFunds","line":152,"loc":{"start":{"line":152,"column":2},"end":{"line":152,"column":49}}},"13":{"name":"_withdrawFunds","line":167,"loc":{"start":{"line":167,"column":2},"end":{"line":167,"column":36}}},"14":{"name":"deposit","line":180,"loc":{"start":{"line":180,"column":2},"end":{"line":186,"column":3}}},"15":{"name":"withdrawDeposit","line":195,"loc":{"start":{"line":195,"column":2},"end":{"line":195,"column":48}}},"16":{"name":"createProposal","line":203,"loc":{"start":{"line":203,"column":2},"end":{"line":210,"column":3}}},"17":{"name":"withdrawProposal","line":221,"loc":{"start":{"line":221,"column":2},"end":{"line":221,"column":38}}},"18":{"name":"redirectInterestStreamToWinner","line":229,"loc":{"start":{"line":229,"column":2},"end":{"line":232,"column":3}}},"19":{"name":"declareStateOfEmergency","line":241,"loc":{"start":{"line":241,"column":2},"end":{"line":241,"column":62}}},"20":{"name":"emergencyWithdraw","line":252,"loc":{"start":{"line":252,"column":2},"end":{"line":252,"column":65}}},"21":{"name":"voteEmergency","line":259,"loc":{"start":{"line":259,"column":2},"end":{"line":264,"column":3}}},"22":{"name":"_removeEmergencyVote","line":271,"loc":{"start":{"line":271,"column":2},"end":{"line":271,"column":42}}}},"statementMap":{"1":{"start":{"line":59,"column":4},"end":{"line":59,"column":2028}},"2":{"start":{"line":63,"column":4},"end":{"line":63,"column":2179}},"3":{"start":{"line":70,"column":4},"end":{"line":70,"column":78}},"4":{"start":{"line":74,"column":4},"end":{"line":74,"column":68}},"5":{"start":{"line":78,"column":4},"end":{"line":78,"column":71}},"6":{"start":{"line":83,"column":4},"end":{"line":83,"column":2868}},"7":{"start":{"line":95,"column":4},"end":{"line":95,"column":3239}},"8":{"start":{"line":103,"column":4},"end":{"line":103,"column":3474}},"9":{"start":{"line":111,"column":4},"end":{"line":111,"column":3681}},"10":{"start":{"line":119,"column":4},"end":{"line":119,"column":69}},"11":{"start":{"line":124,"column":4},"end":{"line":124,"column":61}},"12":{"start":{"line":139,"column":4},"end":{"line":139,"column":35}},"13":{"start":{"line":141,"column":4},"end":{"line":141,"column":58}},"14":{"start":{"line":142,"column":4},"end":{"line":142,"column":36}},"15":{"start":{"line":143,"column":4},"end":{"line":143,"column":48}},"16":{"start":{"line":144,"column":4},"end":{"line":144,"column":51}},"17":{"start":{"line":145,"column":4},"end":{"line":145,"column":21}},"18":{"start":{"line":146,"column":4},"end":{"line":146,"column":35}},"19":{"start":{"line":147,"column":4},"end":{"line":147,"column":27}},"20":{"start":{"line":157,"column":4},"end":{"line":157,"column":62}},"21":{"start":{"line":158,"column":4},"end":{"line":158,"column":64}},"22":{"start":{"line":159,"column":4},"end":{"line":159,"column":64}},"23":{"start":{"line":161,"column":4},"end":{"line":161,"column":31}},"24":{"start":{"line":162,"column":4},"end":{"line":162,"column":36}},"25":{"start":{"line":163,"column":4},"end":{"line":163,"column":52}},"26":{"start":{"line":168,"column":4},"end":{"line":168,"column":45}},"27":{"start":{"line":169,"column":4},"end":{"line":169,"column":25}},"28":{"start":{"line":171,"column":4},"end":{"line":171,"column":31}},"29":{"start":{"line":172,"column":4},"end":{"line":172,"column":52}},"30":{"start":{"line":174,"column":4},"end":{"line":174,"column":30}},"31":{"start":{"line":175,"column":4},"end":{"line":175,"column":43}},"32":{"start":{"line":187,"column":4},"end":{"line":187,"column":24}},"33":{"start":{"line":188,"column":4},"end":{"line":188,"column":46}},"34":{"start":{"line":189,"column":4},"end":{"line":189,"column":41}},"35":{"start":{"line":196,"column":4},"end":{"line":196,"column":19}},"36":{"start":{"line":197,"column":4},"end":{"line":197,"column":47}},"37":{"start":{"line":198,"column":4},"end":{"line":198,"column":37}},"38":{"start":{"line":211,"column":4},"end":{"line":211,"column":32}},"39":{"start":{"line":212,"column":4},"end":{"line":212,"column":7010}},"40":{"start":{"line":216,"column":4},"end":{"line":216,"column":60}},"41":{"start":{"line":217,"column":4},"end":{"line":217,"column":21}},"42":{"start":{"line":222,"column":4},"end":{"line":222,"column":19}},"43":{"start":{"line":223,"column":4},"end":{"line":223,"column":55}},"44":{"start":{"line":224,"column":4},"end":{"line":224,"column":38}},"45":{"start":{"line":233,"column":4},"end":{"line":233,"column":47}},"46":{"start":{"line":242,"column":4},"end":{"line":242,"column":26}},"47":{"start":{"line":243,"column":4},"end":{"line":243,"column":8092}},"48":{"start":{"line":253,"column":4},"end":{"line":253,"column":19}},"49":{"start":{"line":254,"column":4},"end":{"line":254,"column":39}},"50":{"start":{"line":265,"column":4},"end":{"line":265,"column":36}},"51":{"start":{"line":266,"column":4},"end":{"line":266,"column":74}},"52":{"start":{"line":267,"column":4},"end":{"line":267,"column":60}},"53":{"start":{"line":272,"column":4},"end":{"line":272,"column":44}},"54":{"start":{"line":273,"column":4},"end":{"line":273,"column":37}},"55":{"start":{"line":274,"column":4},"end":{"line":274,"column":9070}},"56":{"start":{"line":275,"column":6},"end":{"line":275,"column":76}},"57":{"start":{"line":276,"column":6},"end":{"line":276,"column":68}}},"branchMap":{"1":{"line":59,"type":"if","locations":[{"start":{"line":59,"column":4},"end":{"line":59,"column":4}},{"start":{"line":59,"column":4},"end":{"line":59,"column":4}}]},"2":{"line":63,"type":"if","locations":[{"start":{"line":63,"column":4},"end":{"line":63,"column":4}},{"start":{"line":63,"column":4},"end":{"line":63,"column":4}}]},"3":{"line":70,"type":"if","locations":[{"start":{"line":70,"column":4},"end":{"line":70,"column":4}},{"start":{"line":70,"column":4},"end":{"line":70,"column":4}}]},"4":{"line":74,"type":"if","locations":[{"start":{"line":74,"column":4},"end":{"line":74,"column":4}},{"start":{"line":74,"column":4},"end":{"line":74,"column":4}}]},"5":{"line":78,"type":"if","locations":[{"start":{"line":78,"column":4},"end":{"line":78,"column":4}},{"start":{"line":78,"column":4},"end":{"line":78,"column":4}}]},"6":{"line":83,"type":"if","locations":[{"start":{"line":83,"column":4},"end":{"line":83,"column":4}},{"start":{"line":83,"column":4},"end":{"line":83,"column":4}}]},"7":{"line":95,"type":"if","locations":[{"start":{"line":95,"column":4},"end":{"line":95,"column":4}},{"start":{"line":95,"column":4},"end":{"line":95,"column":4}}]},"8":{"line":103,"type":"if","locations":[{"start":{"line":103,"column":4},"end":{"line":103,"column":4}},{"start":{"line":103,"column":4},"end":{"line":103,"column":4}}]},"9":{"line":111,"type":"if","locations":[{"start":{"line":111,"column":4},"end":{"line":111,"column":4}},{"start":{"line":111,"column":4},"end":{"line":111,"column":4}}]},"10":{"line":119,"type":"if","locations":[{"start":{"line":119,"column":4},"end":{"line":119,"column":4}},{"start":{"line":119,"column":4},"end":{"line":119,"column":4}}]},"11":{"line":124,"type":"if","locations":[{"start":{"line":124,"column":4},"end":{"line":124,"column":4}},{"start":{"line":124,"column":4},"end":{"line":124,"column":4}}]},"12":{"line":274,"type":"if","locations":[{"start":{"line":274,"column":4},"end":{"line":274,"column":4}},{"start":{"line":274,"column":4},"end":{"line":274,"column":4}}]}}}}